#! /usr/bin/vvp
:ivl_version "10.3 (stable)";
:ivl_delay_selection "TYPICAL";
:vpi_time_precision + 0;
:vpi_module "system";
:vpi_module "vhdl_sys";
:vpi_module "v2005_math";
:vpi_module "va_math";
S_0x55cdc20ed1a0 .scope module, "control_logic" "control_logic" 2 1;
 .timescale 0 0;
    .port_info 0 /OUTPUT 1 "F_stall"
    .port_info 1 /OUTPUT 1 "D_stall"
    .port_info 2 /OUTPUT 1 "D_bubble"
    .port_info 3 /OUTPUT 1 "E_bubble"
    .port_info 4 /INPUT 4 "D_icode"
    .port_info 5 /INPUT 4 "d_srcA"
    .port_info 6 /INPUT 4 "d_srcB"
    .port_info 7 /INPUT 4 "E_icode"
    .port_info 8 /INPUT 4 "E_destM"
    .port_info 9 /INPUT 1 "e_cond"
    .port_info 10 /INPUT 4 "M_icode"
    .port_info 11 /INPUT 2 "m_status"
    .port_info 12 /INPUT 2 "W_status"
    .port_info 13 /INPUT 4 "f_icode"
v0x55cdc20d81e0_0 .var "D_bubble", 0 0;
o0x7fcdd36c7048 .functor BUFZ 4, C4<zzzz>; HiZ drive
v0x55cdc21228a0_0 .net "D_icode", 3 0, o0x7fcdd36c7048;  0 drivers
v0x55cdc2122980_0 .var "D_stall", 0 0;
v0x55cdc2122a20_0 .var "E_bubble", 0 0;
o0x7fcdd36c70d8 .functor BUFZ 4, C4<zzzz>; HiZ drive
v0x55cdc2122ae0_0 .net "E_destM", 3 0, o0x7fcdd36c70d8;  0 drivers
o0x7fcdd36c7108 .functor BUFZ 4, C4<zzzz>; HiZ drive
v0x55cdc2122c10_0 .net "E_icode", 3 0, o0x7fcdd36c7108;  0 drivers
v0x55cdc2122cf0_0 .var "F_stall", 0 0;
v0x55cdc2122db0_0 .var "M_bubble", 0 0;
o0x7fcdd36c7198 .functor BUFZ 4, C4<zzzz>; HiZ drive
v0x55cdc2122e70_0 .net "M_icode", 3 0, o0x7fcdd36c7198;  0 drivers
v0x55cdc2122f50_0 .var "W_stall", 0 0;
o0x7fcdd36c71f8 .functor BUFZ 2, C4<zz>; HiZ drive
v0x55cdc2123010_0 .net "W_status", 1 0, o0x7fcdd36c71f8;  0 drivers
o0x7fcdd36c7228 .functor BUFZ 4, C4<zzzz>; HiZ drive
v0x55cdc21230f0_0 .net "d_srcA", 3 0, o0x7fcdd36c7228;  0 drivers
o0x7fcdd36c7258 .functor BUFZ 4, C4<zzzz>; HiZ drive
v0x55cdc21231d0_0 .net "d_srcB", 3 0, o0x7fcdd36c7258;  0 drivers
o0x7fcdd36c7288 .functor BUFZ 1, C4<z>; HiZ drive
v0x55cdc21232b0_0 .net "e_cond", 0 0, o0x7fcdd36c7288;  0 drivers
o0x7fcdd36c72b8 .functor BUFZ 4, C4<zzzz>; HiZ drive
v0x55cdc2123370_0 .net "f_icode", 3 0, o0x7fcdd36c72b8;  0 drivers
o0x7fcdd36c72e8 .functor BUFZ 2, C4<zz>; HiZ drive
v0x55cdc2123450_0 .net "m_status", 1 0, o0x7fcdd36c72e8;  0 drivers
E_0x55cdc210df20/0 .event edge, v0x55cdc2122c10_0, v0x55cdc21232b0_0, v0x55cdc2122ae0_0, v0x55cdc21230f0_0;
E_0x55cdc210df20/1 .event edge, v0x55cdc21231d0_0, v0x55cdc2122e70_0, v0x55cdc21228a0_0, v0x55cdc2123450_0;
E_0x55cdc210df20/2 .event edge, v0x55cdc2123010_0;
E_0x55cdc210df20 .event/or E_0x55cdc210df20/0, E_0x55cdc210df20/1, E_0x55cdc210df20/2;
    .scope S_0x55cdc20ed1a0;
T_0 ;
    %wait E_0x55cdc210df20;
    %pushi/vec4 0, 0, 1;
    %store/vec4 v0x55cdc2122cf0_0, 0, 1;
    %pushi/vec4 0, 0, 1;
    %store/vec4 v0x55cdc2122980_0, 0, 1;
    %pushi/vec4 0, 0, 1;
    %store/vec4 v0x55cdc20d81e0_0, 0, 1;
    %pushi/vec4 0, 0, 1;
    %store/vec4 v0x55cdc2122a20_0, 0, 1;
    %pushi/vec4 0, 0, 1;
    %store/vec4 v0x55cdc2122db0_0, 0, 1;
    %pushi/vec4 0, 0, 1;
    %store/vec4 v0x55cdc2122f50_0, 0, 1;
    %load/vec4 v0x55cdc2122c10_0;
    %pushi/vec4 7, 0, 4;
    %cmp/e;
    %flag_get/vec4 4;
    %load/vec4 v0x55cdc21232b0_0;
    %nor/r;
    %and;
    %flag_set/vec4 8;
    %jmp/0xz  T_0.0, 8;
    %pushi/vec4 1, 0, 1;
    %store/vec4 v0x55cdc20d81e0_0, 0, 1;
    %pushi/vec4 1, 0, 1;
    %store/vec4 v0x55cdc2122a20_0, 0, 1;
    %jmp T_0.1;
T_0.0 ;
    %load/vec4 v0x55cdc2122c10_0;
    %pushi/vec4 5, 0, 4;
    %cmp/e;
    %flag_get/vec4 4;
    %load/vec4 v0x55cdc2122c10_0;
    %pushi/vec4 11, 0, 4;
    %cmp/e;
    %flag_get/vec4 4;
    %or;
    %load/vec4 v0x55cdc2122ae0_0;
    %load/vec4 v0x55cdc21230f0_0;
    %cmp/e;
    %flag_get/vec4 4;
    %load/vec4 v0x55cdc2122ae0_0;
    %load/vec4 v0x55cdc21231d0_0;
    %cmp/e;
    %flag_get/vec4 4;
    %or;
    %and;
    %flag_set/vec4 8;
    %jmp/0xz  T_0.2, 8;
    %pushi/vec4 1, 0, 1;
    %store/vec4 v0x55cdc2122cf0_0, 0, 1;
    %pushi/vec4 1, 0, 1;
    %store/vec4 v0x55cdc2122980_0, 0, 1;
    %pushi/vec4 1, 0, 1;
    %store/vec4 v0x55cdc2122a20_0, 0, 1;
    %jmp T_0.3;
T_0.2 ;
    %load/vec4 v0x55cdc2122c10_0;
    %pushi/vec4 9, 0, 4;
    %cmp/e;
    %flag_get/vec4 4;
    %load/vec4 v0x55cdc2122e70_0;
    %pushi/vec4 9, 0, 4;
    %cmp/e;
    %flag_get/vec4 4;
    %or;
    %load/vec4 v0x55cdc21228a0_0;
    %pushi/vec4 9, 0, 4;
    %cmp/e;
    %flag_get/vec4 4;
    %or;
    %flag_set/vec4 8;
    %jmp/0xz  T_0.4, 8;
    %pushi/vec4 1, 0, 1;
    %store/vec4 v0x55cdc2122cf0_0, 0, 1;
    %pushi/vec4 1, 0, 1;
    %store/vec4 v0x55cdc20d81e0_0, 0, 1;
    %jmp T_0.5;
T_0.4 ;
    %load/vec4 v0x55cdc2122c10_0;
    %pushi/vec4 0, 0, 4;
    %cmp/e;
    %flag_get/vec4 4;
    %load/vec4 v0x55cdc2123450_0;
    %pushi/vec4 3, 0, 2;
    %cmp/e;
    %flag_get/vec4 4;
    %inv;
    %or;
    %load/vec4 v0x55cdc2123010_0;
    %pushi/vec4 3, 0, 2;
    %cmp/e;
    %flag_get/vec4 4;
    %inv;
    %or;
    %flag_set/vec4 8;
    %jmp/0xz  T_0.6, 8;
T_0.6 ;
T_0.5 ;
T_0.3 ;
T_0.1 ;
    %jmp T_0;
    .thread T_0, $push;
# The file index is used to find the file name in the following table.
:file_names 3;
    "N/A";
    "<interactive>";
    "control_logic.v";
