#! /usr/bin/vvp
:ivl_version "10.3 (stable)";
:ivl_delay_selection "TYPICAL";
:vpi_time_precision + 0;
:vpi_module "system";
:vpi_module "vhdl_sys";
:vpi_module "v2005_math";
:vpi_module "va_math";
S_0x557166c29060 .scope module, "decode" "decode" 2 1;
 .timescale 0 0;
    .port_info 0 /INPUT 1 "clk"
    .port_info 1 /INPUT 4 "D_icode"
    .port_info 2 /INPUT 4 "D_ifun"
    .port_info 3 /INPUT 4 "D_rA"
    .port_info 4 /INPUT 4 "D_rB"
    .port_info 5 /INPUT 64 "D_valP"
    .port_info 6 /INPUT 4 "e_destE"
    .port_info 7 /INPUT 64 "W_valE"
    .port_info 8 /INPUT 64 "D_valC"
    .port_info 9 /INPUT 64 "e_valE"
    .port_info 10 /INPUT 4 "M_destE"
    .port_info 11 /INPUT 64 "M_valE"
    .port_info 12 /INPUT 4 "M_destM"
    .port_info 13 /INPUT 64 "m_valM"
    .port_info 14 /INPUT 4 "W_icode"
    .port_info 15 /INPUT 4 "W_destM"
    .port_info 16 /INPUT 64 "W_valM"
    .port_info 17 /INPUT 4 "W_destE"
    .port_info 18 /INPUT 2 "D_status"
    .port_info 19 /OUTPUT 64 "d_valA"
    .port_info 20 /OUTPUT 64 "d_valB"
    .port_info 21 /OUTPUT 4 "d_destE"
    .port_info 22 /OUTPUT 4 "d_destM"
    .port_info 23 /OUTPUT 4 "d_icode"
    .port_info 24 /OUTPUT 4 "d_ifun"
    .port_info 25 /OUTPUT 64 "d_valC"
    .port_info 26 /OUTPUT 2 "d_status"
    .port_info 27 /OUTPUT 4 "d_srcA"
    .port_info 28 /OUTPUT 4 "d_srcB"
    .port_info 29 /OUTPUT 64 "d_valP"
    .port_info 30 /OUTPUT 64 "reg_mem0"
    .port_info 31 /OUTPUT 64 "reg_mem1"
    .port_info 32 /OUTPUT 64 "reg_mem2"
    .port_info 33 /OUTPUT 64 "reg_mem3"
    .port_info 34 /OUTPUT 64 "reg_mem4"
    .port_info 35 /OUTPUT 64 "reg_mem5"
    .port_info 36 /OUTPUT 64 "reg_mem6"
    .port_info 37 /OUTPUT 64 "reg_mem7"
    .port_info 38 /OUTPUT 64 "reg_mem8"
    .port_info 39 /OUTPUT 64 "reg_mem9"
    .port_info 40 /OUTPUT 64 "reg_mem10"
    .port_info 41 /OUTPUT 64 "reg_mem11"
    .port_info 42 /OUTPUT 64 "reg_mem12"
    .port_info 43 /OUTPUT 64 "reg_mem13"
    .port_info 44 /OUTPUT 64 "reg_mem14"
o0x7fd63b1ec018 .functor BUFZ 4, C4<zzzz>; HiZ drive
v0x557166c287f0_0 .net "D_icode", 3 0, o0x7fd63b1ec018;  0 drivers
o0x7fd63b1ec048 .functor BUFZ 4, C4<zzzz>; HiZ drive
v0x557166c7ab70_0 .net "D_ifun", 3 0, o0x7fd63b1ec048;  0 drivers
o0x7fd63b1ec078 .functor BUFZ 4, C4<zzzz>; HiZ drive
v0x557166c7ac50_0 .net "D_rA", 3 0, o0x7fd63b1ec078;  0 drivers
o0x7fd63b1ec0a8 .functor BUFZ 4, C4<zzzz>; HiZ drive
v0x557166c7ad10_0 .net "D_rB", 3 0, o0x7fd63b1ec0a8;  0 drivers
o0x7fd63b1ec0d8 .functor BUFZ 2, C4<zz>; HiZ drive
v0x557166c7adf0_0 .net "D_status", 1 0, o0x7fd63b1ec0d8;  0 drivers
o0x7fd63b1ec108 .functor BUFZ 64, C4<zzzzzzzzzzzzzzzzzzzzzzzzzzzzzzzzzzzzzzzzzzzzzzzzzzzzzzzzzzzzzzzz>; HiZ drive
v0x557166c7af20_0 .net "D_valC", 63 0, o0x7fd63b1ec108;  0 drivers
o0x7fd63b1ec138 .functor BUFZ 64, C4<zzzzzzzzzzzzzzzzzzzzzzzzzzzzzzzzzzzzzzzzzzzzzzzzzzzzzzzzzzzzzzzz>; HiZ drive
v0x557166c7b000_0 .net "D_valP", 63 0, o0x7fd63b1ec138;  0 drivers
o0x7fd63b1ec168 .functor BUFZ 4, C4<zzzz>; HiZ drive
v0x557166c7b0e0_0 .net "M_destE", 3 0, o0x7fd63b1ec168;  0 drivers
o0x7fd63b1ec198 .functor BUFZ 4, C4<zzzz>; HiZ drive
v0x557166c7b1c0_0 .net "M_destM", 3 0, o0x7fd63b1ec198;  0 drivers
o0x7fd63b1ec1c8 .functor BUFZ 64, C4<zzzzzzzzzzzzzzzzzzzzzzzzzzzzzzzzzzzzzzzzzzzzzzzzzzzzzzzzzzzzzzzz>; HiZ drive
v0x557166c7b2a0_0 .net "M_valE", 63 0, o0x7fd63b1ec1c8;  0 drivers
o0x7fd63b1ec1f8 .functor BUFZ 4, C4<zzzz>; HiZ drive
v0x557166c7b380_0 .net "W_destE", 3 0, o0x7fd63b1ec1f8;  0 drivers
o0x7fd63b1ec228 .functor BUFZ 4, C4<zzzz>; HiZ drive
v0x557166c7b460_0 .net "W_destM", 3 0, o0x7fd63b1ec228;  0 drivers
o0x7fd63b1ec258 .functor BUFZ 4, C4<zzzz>; HiZ drive
v0x557166c7b540_0 .net "W_icode", 3 0, o0x7fd63b1ec258;  0 drivers
o0x7fd63b1ec288 .functor BUFZ 64, C4<zzzzzzzzzzzzzzzzzzzzzzzzzzzzzzzzzzzzzzzzzzzzzzzzzzzzzzzzzzzzzzzz>; HiZ drive
v0x557166c7b620_0 .net "W_valE", 63 0, o0x7fd63b1ec288;  0 drivers
o0x7fd63b1ec2b8 .functor BUFZ 64, C4<zzzzzzzzzzzzzzzzzzzzzzzzzzzzzzzzzzzzzzzzzzzzzzzzzzzzzzzzzzzzzzzz>; HiZ drive
v0x557166c7b700_0 .net "W_valM", 63 0, o0x7fd63b1ec2b8;  0 drivers
o0x7fd63b1ec2e8 .functor BUFZ 1, C4<z>; HiZ drive
v0x557166c7b7e0_0 .net "clk", 0 0, o0x7fd63b1ec2e8;  0 drivers
v0x557166c7b8a0_0 .var "d_destE", 3 0;
v0x557166c7b980_0 .var "d_destM", 3 0;
v0x557166c7ba60_0 .var "d_icode", 3 0;
v0x557166c7bb40_0 .var "d_ifun", 3 0;
v0x557166c7bc20_0 .var "d_srcA", 3 0;
v0x557166c7bd00_0 .var "d_srcB", 3 0;
v0x557166c7bde0_0 .var "d_status", 1 0;
v0x557166c7bec0_0 .var "d_valA", 63 0;
v0x557166c7bfa0_0 .var "d_valB", 63 0;
v0x557166c7c080_0 .var "d_valC", 63 0;
v0x557166c7c160_0 .var "d_valP", 63 0;
v0x557166c7c240_0 .var "dvalA", 63 0;
v0x557166c7c320_0 .var "dvalB", 63 0;
o0x7fd63b1ec588 .functor BUFZ 4, C4<zzzz>; HiZ drive
v0x557166c7c400_0 .net "e_destE", 3 0, o0x7fd63b1ec588;  0 drivers
o0x7fd63b1ec5b8 .functor BUFZ 64, C4<zzzzzzzzzzzzzzzzzzzzzzzzzzzzzzzzzzzzzzzzzzzzzzzzzzzzzzzzzzzzzzzz>; HiZ drive
v0x557166c7c4e0_0 .net "e_valE", 63 0, o0x7fd63b1ec5b8;  0 drivers
o0x7fd63b1ec5e8 .functor BUFZ 64, C4<zzzzzzzzzzzzzzzzzzzzzzzzzzzzzzzzzzzzzzzzzzzzzzzzzzzzzzzzzzzzzzzz>; HiZ drive
v0x557166c7c5c0_0 .net "m_valM", 63 0, o0x7fd63b1ec5e8;  0 drivers
v0x557166c7c6a0 .array "reg_mem", 0 15, 63 0;
v0x557166c7cb70_0 .var "reg_mem0", 63 0;
v0x557166c7cc50_0 .var "reg_mem1", 63 0;
v0x557166c7cd30_0 .var "reg_mem10", 63 0;
v0x557166c7ce10_0 .var "reg_mem11", 63 0;
v0x557166c7cef0_0 .var "reg_mem12", 63 0;
v0x557166c7cfd0_0 .var "reg_mem13", 63 0;
v0x557166c7d0b0_0 .var "reg_mem14", 63 0;
v0x557166c7d190_0 .var "reg_mem2", 63 0;
v0x557166c7d270_0 .var "reg_mem3", 63 0;
v0x557166c7d350_0 .var "reg_mem4", 63 0;
v0x557166c7d430_0 .var "reg_mem5", 63 0;
v0x557166c7d510_0 .var "reg_mem6", 63 0;
v0x557166c7d5f0_0 .var "reg_mem7", 63 0;
v0x557166c7d6d0_0 .var "reg_mem8", 63 0;
v0x557166c7d7b0_0 .var "reg_mem9", 63 0;
E_0x557166c35650 .event posedge, v0x557166c7b7e0_0;
E_0x557166c35a70/0 .event edge, v0x557166c7bd00_0, v0x557166c7c400_0, v0x557166c7c4e0_0, v0x557166c7b0e0_0;
E_0x557166c35a70/1 .event edge, v0x557166c7c5c0_0, v0x557166c7b380_0, v0x557166c7b620_0, v0x557166c7b1c0_0;
E_0x557166c35a70/2 .event edge, v0x557166c7b2a0_0, v0x557166c7b460_0, v0x557166c7b700_0, v0x557166c7c320_0;
E_0x557166c35a70 .event/or E_0x557166c35a70/0, E_0x557166c35a70/1, E_0x557166c35a70/2;
E_0x557166c35e90/0 .event edge, v0x557166c287f0_0, v0x557166c7b000_0, v0x557166c7bc20_0, v0x557166c7c400_0;
E_0x557166c35e90/1 .event edge, v0x557166c7c4e0_0, v0x557166c7b1c0_0, v0x557166c7c5c0_0, v0x557166c7b460_0;
E_0x557166c35e90/2 .event edge, v0x557166c7b700_0, v0x557166c7b0e0_0, v0x557166c7b2a0_0, v0x557166c7b380_0;
E_0x557166c35e90/3 .event edge, v0x557166c7b620_0, v0x557166c7c240_0;
E_0x557166c35e90 .event/or E_0x557166c35e90/0, E_0x557166c35e90/1, E_0x557166c35e90/2, E_0x557166c35e90/3;
E_0x557166c384d0 .event edge, v0x557166c287f0_0, v0x557166c7ad10_0, v0x557166c7ac50_0;
E_0x557166c5c2c0/0 .event edge, v0x557166c7adf0_0, v0x557166c7af20_0, v0x557166c287f0_0, v0x557166c7ab70_0;
v0x557166c7c6a0_0 .array/port v0x557166c7c6a0, 0;
v0x557166c7c6a0_1 .array/port v0x557166c7c6a0, 1;
E_0x557166c5c2c0/1 .event edge, v0x557166c7b000_0, v0x557166c7ac50_0, v0x557166c7c6a0_0, v0x557166c7c6a0_1;
v0x557166c7c6a0_2 .array/port v0x557166c7c6a0, 2;
v0x557166c7c6a0_3 .array/port v0x557166c7c6a0, 3;
v0x557166c7c6a0_4 .array/port v0x557166c7c6a0, 4;
v0x557166c7c6a0_5 .array/port v0x557166c7c6a0, 5;
E_0x557166c5c2c0/2 .event edge, v0x557166c7c6a0_2, v0x557166c7c6a0_3, v0x557166c7c6a0_4, v0x557166c7c6a0_5;
v0x557166c7c6a0_6 .array/port v0x557166c7c6a0, 6;
v0x557166c7c6a0_7 .array/port v0x557166c7c6a0, 7;
v0x557166c7c6a0_8 .array/port v0x557166c7c6a0, 8;
v0x557166c7c6a0_9 .array/port v0x557166c7c6a0, 9;
E_0x557166c5c2c0/3 .event edge, v0x557166c7c6a0_6, v0x557166c7c6a0_7, v0x557166c7c6a0_8, v0x557166c7c6a0_9;
v0x557166c7c6a0_10 .array/port v0x557166c7c6a0, 10;
v0x557166c7c6a0_11 .array/port v0x557166c7c6a0, 11;
v0x557166c7c6a0_12 .array/port v0x557166c7c6a0, 12;
v0x557166c7c6a0_13 .array/port v0x557166c7c6a0, 13;
E_0x557166c5c2c0/4 .event edge, v0x557166c7c6a0_10, v0x557166c7c6a0_11, v0x557166c7c6a0_12, v0x557166c7c6a0_13;
v0x557166c7c6a0_14 .array/port v0x557166c7c6a0, 14;
v0x557166c7c6a0_15 .array/port v0x557166c7c6a0, 15;
E_0x557166c5c2c0/5 .event edge, v0x557166c7c6a0_14, v0x557166c7c6a0_15, v0x557166c7ad10_0;
E_0x557166c5c2c0 .event/or E_0x557166c5c2c0/0, E_0x557166c5c2c0/1, E_0x557166c5c2c0/2, E_0x557166c5c2c0/3, E_0x557166c5c2c0/4, E_0x557166c5c2c0/5;
    .scope S_0x557166c29060;
T_0 ;
    %pushi/vec4 2, 0, 64;
    %ix/load 4, 0, 0;
    %flag_set/imm 4, 0;
    %store/vec4a v0x557166c7c6a0, 4, 0;
    %pushi/vec4 1, 0, 64;
    %ix/load 4, 1, 0;
    %flag_set/imm 4, 0;
    %store/vec4a v0x557166c7c6a0, 4, 0;
    %pushi/vec4 2, 0, 64;
    %ix/load 4, 2, 0;
    %flag_set/imm 4, 0;
    %store/vec4a v0x557166c7c6a0, 4, 0;
    %pushi/vec4 5, 0, 64;
    %ix/load 4, 3, 0;
    %flag_set/imm 4, 0;
    %store/vec4a v0x557166c7c6a0, 4, 0;
    %pushi/vec4 5, 0, 64;
    %ix/load 4, 4, 0;
    %flag_set/imm 4, 0;
    %store/vec4a v0x557166c7c6a0, 4, 0;
    %pushi/vec4 5, 0, 64;
    %ix/load 4, 5, 0;
    %flag_set/imm 4, 0;
    %store/vec4a v0x557166c7c6a0, 4, 0;
    %pushi/vec4 6, 0, 64;
    %ix/load 4, 6, 0;
    %flag_set/imm 4, 0;
    %store/vec4a v0x557166c7c6a0, 4, 0;
    %pushi/vec4 7, 0, 64;
    %ix/load 4, 7, 0;
    %flag_set/imm 4, 0;
    %store/vec4a v0x557166c7c6a0, 4, 0;
    %pushi/vec4 8, 0, 64;
    %ix/load 4, 8, 0;
    %flag_set/imm 4, 0;
    %store/vec4a v0x557166c7c6a0, 4, 0;
    %pushi/vec4 9, 0, 64;
    %ix/load 4, 9, 0;
    %flag_set/imm 4, 0;
    %store/vec4a v0x557166c7c6a0, 4, 0;
    %pushi/vec4 10, 0, 64;
    %ix/load 4, 10, 0;
    %flag_set/imm 4, 0;
    %store/vec4a v0x557166c7c6a0, 4, 0;
    %pushi/vec4 11, 0, 64;
    %ix/load 4, 11, 0;
    %flag_set/imm 4, 0;
    %store/vec4a v0x557166c7c6a0, 4, 0;
    %pushi/vec4 12, 0, 64;
    %ix/load 4, 12, 0;
    %flag_set/imm 4, 0;
    %store/vec4a v0x557166c7c6a0, 4, 0;
    %pushi/vec4 13, 0, 64;
    %ix/load 4, 13, 0;
    %flag_set/imm 4, 0;
    %store/vec4a v0x557166c7c6a0, 4, 0;
    %pushi/vec4 14, 0, 64;
    %ix/load 4, 14, 0;
    %flag_set/imm 4, 0;
    %store/vec4a v0x557166c7c6a0, 4, 0;
    %pushi/vec4 14, 0, 64;
    %ix/load 4, 15, 0;
    %flag_set/imm 4, 0;
    %store/vec4a v0x557166c7c6a0, 4, 0;
    %end;
    .thread T_0;
    .scope S_0x557166c29060;
T_1 ;
    %wait E_0x557166c5c2c0;
    %load/vec4 v0x557166c7adf0_0;
    %store/vec4 v0x557166c7bde0_0, 0, 2;
    %load/vec4 v0x557166c7af20_0;
    %store/vec4 v0x557166c7c080_0, 0, 64;
    %load/vec4 v0x557166c287f0_0;
    %store/vec4 v0x557166c7ba60_0, 0, 4;
    %load/vec4 v0x557166c7ab70_0;
    %store/vec4 v0x557166c7bb40_0, 0, 4;
    %load/vec4 v0x557166c7b000_0;
    %store/vec4 v0x557166c7c160_0, 0, 64;
    %load/vec4 v0x557166c287f0_0;
    %cmpi/e 2, 0, 4;
    %jmp/0xz  T_1.0, 4;
    %load/vec4 v0x557166c7ac50_0;
    %pad/u 6;
    %ix/vec4 4;
    %load/vec4a v0x557166c7c6a0, 4;
    %store/vec4 v0x557166c7c240_0, 0, 64;
    %pushi/vec4 0, 0, 64;
    %store/vec4 v0x557166c7c320_0, 0, 64;
    %load/vec4 v0x557166c7ac50_0;
    %store/vec4 v0x557166c7bc20_0, 0, 4;
    %load/vec4 v0x557166c7ad10_0;
    %store/vec4 v0x557166c7bd00_0, 0, 4;
    %jmp T_1.1;
T_1.0 ;
    %load/vec4 v0x557166c287f0_0;
    %cmpi/e 4, 0, 4;
    %jmp/0xz  T_1.2, 4;
    %load/vec4 v0x557166c7ac50_0;
    %pad/u 6;
    %ix/vec4 4;
    %load/vec4a v0x557166c7c6a0, 4;
    %store/vec4 v0x557166c7c240_0, 0, 64;
    %load/vec4 v0x557166c7ad10_0;
    %pad/u 6;
    %ix/vec4 4;
    %load/vec4a v0x557166c7c6a0, 4;
    %store/vec4 v0x557166c7c320_0, 0, 64;
    %load/vec4 v0x557166c7ac50_0;
    %store/vec4 v0x557166c7bc20_0, 0, 4;
    %load/vec4 v0x557166c7ad10_0;
    %store/vec4 v0x557166c7bd00_0, 0, 4;
    %jmp T_1.3;
T_1.2 ;
    %load/vec4 v0x557166c287f0_0;
    %cmpi/e 3, 0, 4;
    %jmp/0xz  T_1.4, 4;
    %pushi/vec4 0, 0, 64;
    %store/vec4 v0x557166c7c320_0, 0, 64;
    %jmp T_1.5;
T_1.4 ;
    %load/vec4 v0x557166c287f0_0;
    %cmpi/e 5, 0, 4;
    %jmp/0xz  T_1.6, 4;
    %load/vec4 v0x557166c7ad10_0;
    %pad/u 6;
    %ix/vec4 4;
    %load/vec4a v0x557166c7c6a0, 4;
    %store/vec4 v0x557166c7c320_0, 0, 64;
    %load/vec4 v0x557166c7ac50_0;
    %store/vec4 v0x557166c7bc20_0, 0, 4;
    %load/vec4 v0x557166c7ad10_0;
    %store/vec4 v0x557166c7bd00_0, 0, 4;
    %jmp T_1.7;
T_1.6 ;
    %load/vec4 v0x557166c287f0_0;
    %cmpi/e 6, 0, 4;
    %jmp/0xz  T_1.8, 4;
    %load/vec4 v0x557166c7ac50_0;
    %pad/u 6;
    %ix/vec4 4;
    %load/vec4a v0x557166c7c6a0, 4;
    %store/vec4 v0x557166c7c240_0, 0, 64;
    %load/vec4 v0x557166c7ad10_0;
    %pad/u 6;
    %ix/vec4 4;
    %load/vec4a v0x557166c7c6a0, 4;
    %store/vec4 v0x557166c7c320_0, 0, 64;
    %load/vec4 v0x557166c7ac50_0;
    %store/vec4 v0x557166c7bc20_0, 0, 4;
    %load/vec4 v0x557166c7ad10_0;
    %store/vec4 v0x557166c7bd00_0, 0, 4;
    %jmp T_1.9;
T_1.8 ;
    %load/vec4 v0x557166c287f0_0;
    %cmpi/e 8, 0, 4;
    %jmp/0xz  T_1.10, 4;
    %ix/load 4, 4, 0;
    %flag_set/imm 4, 0;
    %load/vec4a v0x557166c7c6a0, 4;
    %store/vec4 v0x557166c7c320_0, 0, 64;
    %pushi/vec4 4, 0, 4;
    %store/vec4 v0x557166c7bd00_0, 0, 4;
    %jmp T_1.11;
T_1.10 ;
    %load/vec4 v0x557166c287f0_0;
    %cmpi/e 9, 0, 4;
    %jmp/0xz  T_1.12, 4;
    %ix/load 4, 4, 0;
    %flag_set/imm 4, 0;
    %load/vec4a v0x557166c7c6a0, 4;
    %store/vec4 v0x557166c7c240_0, 0, 64;
    %ix/load 4, 4, 0;
    %flag_set/imm 4, 0;
    %load/vec4a v0x557166c7c6a0, 4;
    %store/vec4 v0x557166c7c320_0, 0, 64;
    %pushi/vec4 4, 0, 4;
    %store/vec4 v0x557166c7bc20_0, 0, 4;
    %pushi/vec4 4, 0, 4;
    %store/vec4 v0x557166c7bd00_0, 0, 4;
    %pushi/vec4 4, 0, 4;
    %store/vec4 v0x557166c7b8a0_0, 0, 4;
    %jmp T_1.13;
T_1.12 ;
    %load/vec4 v0x557166c287f0_0;
    %cmpi/e 10, 0, 4;
    %jmp/0xz  T_1.14, 4;
    %load/vec4 v0x557166c7ac50_0;
    %pad/u 6;
    %ix/vec4 4;
    %load/vec4a v0x557166c7c6a0, 4;
    %store/vec4 v0x557166c7c240_0, 0, 64;
    %ix/load 4, 4, 0;
    %flag_set/imm 4, 0;
    %load/vec4a v0x557166c7c6a0, 4;
    %store/vec4 v0x557166c7c320_0, 0, 64;
    %pushi/vec4 4, 0, 4;
    %store/vec4 v0x557166c7bc20_0, 0, 4;
    %jmp T_1.15;
T_1.14 ;
    %load/vec4 v0x557166c287f0_0;
    %cmpi/e 11, 0, 4;
    %jmp/0xz  T_1.16, 4;
    %ix/load 4, 4, 0;
    %flag_set/imm 4, 0;
    %load/vec4a v0x557166c7c6a0, 4;
    %store/vec4 v0x557166c7c240_0, 0, 64;
    %ix/load 4, 4, 0;
    %flag_set/imm 4, 0;
    %load/vec4a v0x557166c7c6a0, 4;
    %store/vec4 v0x557166c7c320_0, 0, 64;
    %pushi/vec4 4, 0, 4;
    %store/vec4 v0x557166c7bc20_0, 0, 4;
    %pushi/vec4 4, 0, 4;
    %store/vec4 v0x557166c7bd00_0, 0, 4;
T_1.16 ;
T_1.15 ;
T_1.13 ;
T_1.11 ;
T_1.9 ;
T_1.7 ;
T_1.5 ;
T_1.3 ;
T_1.1 ;
    %ix/load 4, 0, 0;
    %flag_set/imm 4, 0;
    %load/vec4a v0x557166c7c6a0, 4;
    %store/vec4 v0x557166c7cb70_0, 0, 64;
    %ix/load 4, 1, 0;
    %flag_set/imm 4, 0;
    %load/vec4a v0x557166c7c6a0, 4;
    %store/vec4 v0x557166c7cc50_0, 0, 64;
    %ix/load 4, 2, 0;
    %flag_set/imm 4, 0;
    %load/vec4a v0x557166c7c6a0, 4;
    %store/vec4 v0x557166c7d190_0, 0, 64;
    %ix/load 4, 3, 0;
    %flag_set/imm 4, 0;
    %load/vec4a v0x557166c7c6a0, 4;
    %store/vec4 v0x557166c7d270_0, 0, 64;
    %ix/load 4, 4, 0;
    %flag_set/imm 4, 0;
    %load/vec4a v0x557166c7c6a0, 4;
    %store/vec4 v0x557166c7d350_0, 0, 64;
    %ix/load 4, 5, 0;
    %flag_set/imm 4, 0;
    %load/vec4a v0x557166c7c6a0, 4;
    %store/vec4 v0x557166c7d430_0, 0, 64;
    %ix/load 4, 6, 0;
    %flag_set/imm 4, 0;
    %load/vec4a v0x557166c7c6a0, 4;
    %store/vec4 v0x557166c7d510_0, 0, 64;
    %ix/load 4, 7, 0;
    %flag_set/imm 4, 0;
    %load/vec4a v0x557166c7c6a0, 4;
    %store/vec4 v0x557166c7d5f0_0, 0, 64;
    %ix/load 4, 8, 0;
    %flag_set/imm 4, 0;
    %load/vec4a v0x557166c7c6a0, 4;
    %store/vec4 v0x557166c7d6d0_0, 0, 64;
    %ix/load 4, 9, 0;
    %flag_set/imm 4, 0;
    %load/vec4a v0x557166c7c6a0, 4;
    %store/vec4 v0x557166c7d7b0_0, 0, 64;
    %ix/load 4, 10, 0;
    %flag_set/imm 4, 0;
    %load/vec4a v0x557166c7c6a0, 4;
    %store/vec4 v0x557166c7cd30_0, 0, 64;
    %ix/load 4, 11, 0;
    %flag_set/imm 4, 0;
    %load/vec4a v0x557166c7c6a0, 4;
    %store/vec4 v0x557166c7ce10_0, 0, 64;
    %ix/load 4, 12, 0;
    %flag_set/imm 4, 0;
    %load/vec4a v0x557166c7c6a0, 4;
    %store/vec4 v0x557166c7cef0_0, 0, 64;
    %ix/load 4, 13, 0;
    %flag_set/imm 4, 0;
    %load/vec4a v0x557166c7c6a0, 4;
    %store/vec4 v0x557166c7cfd0_0, 0, 64;
    %ix/load 4, 14, 0;
    %flag_set/imm 4, 0;
    %load/vec4a v0x557166c7c6a0, 4;
    %store/vec4 v0x557166c7d0b0_0, 0, 64;
    %jmp T_1;
    .thread T_1, $push;
    .scope S_0x557166c29060;
T_2 ;
    %wait E_0x557166c384d0;
    %load/vec4 v0x557166c287f0_0;
    %cmpi/e 2, 0, 4;
    %jmp/0xz  T_2.0, 4;
    %load/vec4 v0x557166c7ad10_0;
    %store/vec4 v0x557166c7b8a0_0, 0, 4;
    %jmp T_2.1;
T_2.0 ;
    %load/vec4 v0x557166c287f0_0;
    %cmpi/e 3, 0, 4;
    %jmp/0xz  T_2.2, 4;
    %load/vec4 v0x557166c7ad10_0;
    %store/vec4 v0x557166c7b8a0_0, 0, 4;
    %jmp T_2.3;
T_2.2 ;
    %load/vec4 v0x557166c287f0_0;
    %cmpi/e 6, 0, 4;
    %jmp/0xz  T_2.4, 4;
    %load/vec4 v0x557166c7ad10_0;
    %store/vec4 v0x557166c7b8a0_0, 0, 4;
    %jmp T_2.5;
T_2.4 ;
    %load/vec4 v0x557166c287f0_0;
    %cmpi/e 5, 0, 4;
    %jmp/0xz  T_2.6, 4;
    %load/vec4 v0x557166c7ac50_0;
    %store/vec4 v0x557166c7b980_0, 0, 4;
    %jmp T_2.7;
T_2.6 ;
    %load/vec4 v0x557166c287f0_0;
    %cmpi/e 6, 0, 4;
    %jmp/0xz  T_2.8, 4;
    %load/vec4 v0x557166c7ad10_0;
    %store/vec4 v0x557166c7b8a0_0, 0, 4;
    %jmp T_2.9;
T_2.8 ;
    %load/vec4 v0x557166c287f0_0;
    %cmpi/e 8, 0, 4;
    %jmp/0xz  T_2.10, 4;
    %pushi/vec4 4, 0, 4;
    %store/vec4 v0x557166c7b8a0_0, 0, 4;
    %jmp T_2.11;
T_2.10 ;
    %load/vec4 v0x557166c287f0_0;
    %cmpi/e 9, 0, 4;
    %jmp/0xz  T_2.12, 4;
    %pushi/vec4 4, 0, 4;
    %store/vec4 v0x557166c7b8a0_0, 0, 4;
    %jmp T_2.13;
T_2.12 ;
    %load/vec4 v0x557166c287f0_0;
    %cmpi/e 11, 0, 4;
    %jmp/0xz  T_2.14, 4;
    %pushi/vec4 4, 0, 4;
    %store/vec4 v0x557166c7b8a0_0, 0, 4;
    %load/vec4 v0x557166c7ac50_0;
    %store/vec4 v0x557166c7b980_0, 0, 4;
    %jmp T_2.15;
T_2.14 ;
    %load/vec4 v0x557166c287f0_0;
    %cmpi/e 10, 0, 4;
    %jmp/0xz  T_2.16, 4;
    %pushi/vec4 4, 0, 4;
    %store/vec4 v0x557166c7b8a0_0, 0, 4;
    %jmp T_2.17;
T_2.16 ;
    %pushi/vec4 15, 0, 4;
    %store/vec4 v0x557166c7bc20_0, 0, 4;
    %pushi/vec4 15, 0, 4;
    %store/vec4 v0x557166c7bd00_0, 0, 4;
    %pushi/vec4 15, 0, 4;
    %store/vec4 v0x557166c7b8a0_0, 0, 4;
    %pushi/vec4 15, 0, 4;
    %store/vec4 v0x557166c7b980_0, 0, 4;
T_2.17 ;
T_2.15 ;
T_2.13 ;
T_2.11 ;
T_2.9 ;
T_2.7 ;
T_2.5 ;
T_2.3 ;
T_2.1 ;
    %jmp T_2;
    .thread T_2, $push;
    .scope S_0x557166c29060;
T_3 ;
    %wait E_0x557166c35e90;
    %load/vec4 v0x557166c287f0_0;
    %cmpi/e 8, 0, 4;
    %flag_mov 8, 4;
    %load/vec4 v0x557166c287f0_0;
    %cmpi/e 7, 0, 4;
    %flag_or 4, 8;
    %jmp/0xz  T_3.0, 4;
    %load/vec4 v0x557166c7b000_0;
    %store/vec4 v0x557166c7bec0_0, 0, 64;
    %jmp T_3.1;
T_3.0 ;
    %load/vec4 v0x557166c7bc20_0;
    %load/vec4 v0x557166c7c400_0;
    %cmp/e;
    %flag_get/vec4 4;
    %load/vec4 v0x557166c7c400_0;
    %pushi/vec4 15, 0, 4;
    %cmp/e;
    %flag_get/vec4 4;
    %inv;
    %and;
    %flag_set/vec4 8;
    %jmp/0xz  T_3.2, 8;
    %load/vec4 v0x557166c7c4e0_0;
    %store/vec4 v0x557166c7bec0_0, 0, 64;
    %jmp T_3.3;
T_3.2 ;
    %load/vec4 v0x557166c7bc20_0;
    %load/vec4 v0x557166c7b1c0_0;
    %cmp/e;
    %flag_get/vec4 4;
    %load/vec4 v0x557166c7b1c0_0;
    %pushi/vec4 15, 0, 4;
    %cmp/e;
    %flag_get/vec4 4;
    %inv;
    %and;
    %flag_set/vec4 8;
    %jmp/0xz  T_3.4, 8;
    %load/vec4 v0x557166c7c5c0_0;
    %store/vec4 v0x557166c7c240_0, 0, 64;
    %jmp T_3.5;
T_3.4 ;
    %load/vec4 v0x557166c7bc20_0;
    %load/vec4 v0x557166c7b460_0;
    %cmp/e;
    %flag_get/vec4 4;
    %load/vec4 v0x557166c7b460_0;
    %pushi/vec4 15, 0, 4;
    %cmp/e;
    %flag_get/vec4 4;
    %inv;
    %and;
    %flag_set/vec4 8;
    %jmp/0xz  T_3.6, 8;
    %load/vec4 v0x557166c7b700_0;
    %store/vec4 v0x557166c7bec0_0, 0, 64;
    %jmp T_3.7;
T_3.6 ;
    %load/vec4 v0x557166c7bc20_0;
    %load/vec4 v0x557166c7b0e0_0;
    %cmp/e;
    %flag_get/vec4 4;
    %load/vec4 v0x557166c7b0e0_0;
    %pushi/vec4 15, 0, 4;
    %cmp/e;
    %flag_get/vec4 4;
    %inv;
    %and;
    %flag_set/vec4 8;
    %jmp/0xz  T_3.8, 8;
    %load/vec4 v0x557166c7b2a0_0;
    %store/vec4 v0x557166c7bec0_0, 0, 64;
    %jmp T_3.9;
T_3.8 ;
    %load/vec4 v0x557166c7bc20_0;
    %load/vec4 v0x557166c7b380_0;
    %cmp/e;
    %flag_get/vec4 4;
    %load/vec4 v0x557166c7b380_0;
    %pushi/vec4 15, 0, 4;
    %cmp/e;
    %flag_get/vec4 4;
    %inv;
    %and;
    %flag_set/vec4 8;
    %jmp/0xz  T_3.10, 8;
    %load/vec4 v0x557166c7b620_0;
    %store/vec4 v0x557166c7bec0_0, 0, 64;
    %jmp T_3.11;
T_3.10 ;
    %load/vec4 v0x557166c7c240_0;
    %store/vec4 v0x557166c7bec0_0, 0, 64;
T_3.11 ;
T_3.9 ;
T_3.7 ;
T_3.5 ;
T_3.3 ;
T_3.1 ;
    %jmp T_3;
    .thread T_3, $push;
    .scope S_0x557166c29060;
T_4 ;
    %wait E_0x557166c35a70;
    %load/vec4 v0x557166c7bd00_0;
    %load/vec4 v0x557166c7c400_0;
    %cmp/e;
    %flag_get/vec4 4;
    %load/vec4 v0x557166c7c400_0;
    %pushi/vec4 15, 0, 4;
    %cmp/e;
    %flag_get/vec4 4;
    %inv;
    %and;
    %flag_set/vec4 8;
    %jmp/0xz  T_4.0, 8;
    %load/vec4 v0x557166c7c4e0_0;
    %store/vec4 v0x557166c7bfa0_0, 0, 64;
    %jmp T_4.1;
T_4.0 ;
    %load/vec4 v0x557166c7bd00_0;
    %load/vec4 v0x557166c7b0e0_0;
    %cmp/e;
    %flag_get/vec4 4;
    %load/vec4 v0x557166c7b0e0_0;
    %pushi/vec4 15, 0, 4;
    %cmp/e;
    %flag_get/vec4 4;
    %inv;
    %and;
    %flag_set/vec4 8;
    %jmp/0xz  T_4.2, 8;
    %load/vec4 v0x557166c7c5c0_0;
    %store/vec4 v0x557166c7bfa0_0, 0, 64;
    %jmp T_4.3;
T_4.2 ;
    %load/vec4 v0x557166c7bd00_0;
    %load/vec4 v0x557166c7b380_0;
    %cmp/e;
    %flag_get/vec4 4;
    %load/vec4 v0x557166c7b380_0;
    %pushi/vec4 15, 0, 4;
    %cmp/e;
    %flag_get/vec4 4;
    %inv;
    %and;
    %flag_set/vec4 8;
    %jmp/0xz  T_4.4, 8;
    %load/vec4 v0x557166c7b620_0;
    %store/vec4 v0x557166c7bfa0_0, 0, 64;
    %jmp T_4.5;
T_4.4 ;
    %load/vec4 v0x557166c7bd00_0;
    %load/vec4 v0x557166c7b1c0_0;
    %cmp/e;
    %flag_get/vec4 4;
    %load/vec4 v0x557166c7b1c0_0;
    %pushi/vec4 15, 0, 4;
    %cmp/e;
    %flag_get/vec4 4;
    %inv;
    %and;
    %flag_set/vec4 8;
    %jmp/0xz  T_4.6, 8;
    %load/vec4 v0x557166c7b2a0_0;
    %store/vec4 v0x557166c7bfa0_0, 0, 64;
    %jmp T_4.7;
T_4.6 ;
    %load/vec4 v0x557166c7bd00_0;
    %load/vec4 v0x557166c7b460_0;
    %cmp/e;
    %flag_get/vec4 4;
    %load/vec4 v0x557166c7b460_0;
    %pushi/vec4 15, 0, 4;
    %cmp/e;
    %flag_get/vec4 4;
    %inv;
    %and;
    %flag_set/vec4 8;
    %jmp/0xz  T_4.8, 8;
    %load/vec4 v0x557166c7b700_0;
    %store/vec4 v0x557166c7bfa0_0, 0, 64;
    %jmp T_4.9;
T_4.8 ;
    %load/vec4 v0x557166c7c320_0;
    %store/vec4 v0x557166c7bfa0_0, 0, 64;
T_4.9 ;
T_4.7 ;
T_4.5 ;
T_4.3 ;
T_4.1 ;
    %jmp T_4;
    .thread T_4, $push;
    .scope S_0x557166c29060;
T_5 ;
    %wait E_0x557166c35650;
    %load/vec4 v0x557166c7b540_0;
    %cmpi/e 2, 0, 4;
    %jmp/0xz  T_5.0, 4;
    %load/vec4 v0x557166c7b620_0;
    %load/vec4 v0x557166c7b380_0;
    %pad/u 6;
    %ix/vec4 4;
    %store/vec4a v0x557166c7c6a0, 4, 0;
    %jmp T_5.1;
T_5.0 ;
    %load/vec4 v0x557166c7b540_0;
    %cmpi/e 3, 0, 4;
    %jmp/0xz  T_5.2, 4;
    %load/vec4 v0x557166c7b620_0;
    %load/vec4 v0x557166c7b380_0;
    %pad/u 6;
    %ix/vec4 4;
    %store/vec4a v0x557166c7c6a0, 4, 0;
    %jmp T_5.3;
T_5.2 ;
    %load/vec4 v0x557166c7b540_0;
    %cmpi/e 5, 0, 4;
    %jmp/0xz  T_5.4, 4;
    %load/vec4 v0x557166c7b700_0;
    %load/vec4 v0x557166c7b460_0;
    %pad/u 6;
    %ix/vec4 4;
    %store/vec4a v0x557166c7c6a0, 4, 0;
    %jmp T_5.5;
T_5.4 ;
    %load/vec4 v0x557166c7b540_0;
    %cmpi/e 6, 0, 4;
    %jmp/0xz  T_5.6, 4;
    %load/vec4 v0x557166c7b620_0;
    %load/vec4 v0x557166c7b380_0;
    %pad/u 6;
    %ix/vec4 4;
    %store/vec4a v0x557166c7c6a0, 4, 0;
    %jmp T_5.7;
T_5.6 ;
    %load/vec4 v0x557166c7b540_0;
    %cmpi/e 8, 0, 4;
    %jmp/0xz  T_5.8, 4;
    %load/vec4 v0x557166c7b620_0;
    %load/vec4 v0x557166c7b380_0;
    %pad/u 6;
    %ix/vec4 4;
    %store/vec4a v0x557166c7c6a0, 4, 0;
    %jmp T_5.9;
T_5.8 ;
    %load/vec4 v0x557166c7b540_0;
    %cmpi/e 9, 0, 4;
    %jmp/0xz  T_5.10, 4;
    %load/vec4 v0x557166c7b620_0;
    %load/vec4 v0x557166c7b380_0;
    %pad/u 6;
    %ix/vec4 4;
    %store/vec4a v0x557166c7c6a0, 4, 0;
    %jmp T_5.11;
T_5.10 ;
    %load/vec4 v0x557166c7b540_0;
    %cmpi/e 10, 0, 4;
    %jmp/0xz  T_5.12, 4;
    %load/vec4 v0x557166c7b620_0;
    %load/vec4 v0x557166c7b380_0;
    %pad/u 6;
    %ix/vec4 4;
    %store/vec4a v0x557166c7c6a0, 4, 0;
    %jmp T_5.13;
T_5.12 ;
    %load/vec4 v0x557166c7b540_0;
    %cmpi/e 11, 0, 4;
    %jmp/0xz  T_5.14, 4;
    %load/vec4 v0x557166c7b620_0;
    %load/vec4 v0x557166c7b380_0;
    %pad/u 6;
    %ix/vec4 4;
    %store/vec4a v0x557166c7c6a0, 4, 0;
    %load/vec4 v0x557166c7b700_0;
    %load/vec4 v0x557166c7b460_0;
    %pad/u 6;
    %ix/vec4 4;
    %store/vec4a v0x557166c7c6a0, 4, 0;
T_5.14 ;
T_5.13 ;
T_5.11 ;
T_5.9 ;
T_5.7 ;
T_5.5 ;
T_5.3 ;
T_5.1 ;
    %ix/load 4, 0, 0;
    %flag_set/imm 4, 0;
    %load/vec4a v0x557166c7c6a0, 4;
    %assign/vec4 v0x557166c7cb70_0, 0;
    %ix/load 4, 1, 0;
    %flag_set/imm 4, 0;
    %load/vec4a v0x557166c7c6a0, 4;
    %assign/vec4 v0x557166c7cc50_0, 0;
    %ix/load 4, 2, 0;
    %flag_set/imm 4, 0;
    %load/vec4a v0x557166c7c6a0, 4;
    %assign/vec4 v0x557166c7d190_0, 0;
    %ix/load 4, 3, 0;
    %flag_set/imm 4, 0;
    %load/vec4a v0x557166c7c6a0, 4;
    %assign/vec4 v0x557166c7d270_0, 0;
    %ix/load 4, 4, 0;
    %flag_set/imm 4, 0;
    %load/vec4a v0x557166c7c6a0, 4;
    %assign/vec4 v0x557166c7d350_0, 0;
    %ix/load 4, 5, 0;
    %flag_set/imm 4, 0;
    %load/vec4a v0x557166c7c6a0, 4;
    %assign/vec4 v0x557166c7d430_0, 0;
    %ix/load 4, 6, 0;
    %flag_set/imm 4, 0;
    %load/vec4a v0x557166c7c6a0, 4;
    %assign/vec4 v0x557166c7d510_0, 0;
    %ix/load 4, 7, 0;
    %flag_set/imm 4, 0;
    %load/vec4a v0x557166c7c6a0, 4;
    %assign/vec4 v0x557166c7d5f0_0, 0;
    %ix/load 4, 8, 0;
    %flag_set/imm 4, 0;
    %load/vec4a v0x557166c7c6a0, 4;
    %assign/vec4 v0x557166c7d6d0_0, 0;
    %ix/load 4, 9, 0;
    %flag_set/imm 4, 0;
    %load/vec4a v0x557166c7c6a0, 4;
    %assign/vec4 v0x557166c7d7b0_0, 0;
    %ix/load 4, 10, 0;
    %flag_set/imm 4, 0;
    %load/vec4a v0x557166c7c6a0, 4;
    %assign/vec4 v0x557166c7cd30_0, 0;
    %ix/load 4, 11, 0;
    %flag_set/imm 4, 0;
    %load/vec4a v0x557166c7c6a0, 4;
    %assign/vec4 v0x557166c7ce10_0, 0;
    %ix/load 4, 12, 0;
    %flag_set/imm 4, 0;
    %load/vec4a v0x557166c7c6a0, 4;
    %assign/vec4 v0x557166c7cef0_0, 0;
    %ix/load 4, 13, 0;
    %flag_set/imm 4, 0;
    %load/vec4a v0x557166c7c6a0, 4;
    %assign/vec4 v0x557166c7cfd0_0, 0;
    %ix/load 4, 14, 0;
    %flag_set/imm 4, 0;
    %load/vec4a v0x557166c7c6a0, 4;
    %assign/vec4 v0x557166c7d0b0_0, 0;
    %jmp T_5;
    .thread T_5;
# The file index is used to find the file name in the following table.
:file_names 3;
    "N/A";
    "<interactive>";
    "decode.v";
