#! /usr/bin/vvp
:ivl_version "10.3 (stable)";
:ivl_delay_selection "TYPICAL";
:vpi_time_precision + 0;
:vpi_module "system";
:vpi_module "vhdl_sys";
:vpi_module "v2005_math";
:vpi_module "va_math";
S_0x56293a511e70 .scope module, "decode" "decode" 2 1;
 .timescale 0 0;
    .port_info 0 /INPUT 1 "clk"
    .port_info 1 /INPUT 4 "D_icode"
    .port_info 2 /INPUT 4 "D_ifun"
    .port_info 3 /INPUT 4 "D_rA"
    .port_info 4 /INPUT 4 "D_rB"
    .port_info 5 /INPUT 64 "D_valP"
    .port_info 6 /INPUT 4 "e_destE"
    .port_info 7 /INPUT 64 "W_valE"
    .port_info 8 /INPUT 64 "D_valC"
    .port_info 9 /INPUT 64 "e_valE"
    .port_info 10 /INPUT 4 "M_destE"
    .port_info 11 /INPUT 64 "M_valE"
    .port_info 12 /INPUT 4 "M_destM"
    .port_info 13 /INPUT 64 "m_valM"
    .port_info 14 /INPUT 4 "W_icode"
    .port_info 15 /INPUT 4 "W_destM"
    .port_info 16 /INPUT 64 "W_valM"
    .port_info 17 /INPUT 4 "W_destE"
    .port_info 18 /INPUT 2 "D_status"
    .port_info 19 /OUTPUT 64 "d_valA"
    .port_info 20 /OUTPUT 64 "d_valB"
    .port_info 21 /OUTPUT 4 "d_destE"
    .port_info 22 /OUTPUT 4 "d_destM"
    .port_info 23 /OUTPUT 4 "d_icode"
    .port_info 24 /OUTPUT 4 "d_ifun"
    .port_info 25 /OUTPUT 64 "d_valC"
    .port_info 26 /OUTPUT 2 "d_status"
    .port_info 27 /OUTPUT 4 "d_srcA"
    .port_info 28 /OUTPUT 4 "d_srcB"
    .port_info 29 /OUTPUT 64 "d_valP"
    .port_info 30 /OUTPUT 64 "reg_mem0"
    .port_info 31 /OUTPUT 64 "reg_mem1"
    .port_info 32 /OUTPUT 64 "reg_mem2"
    .port_info 33 /OUTPUT 64 "reg_mem3"
    .port_info 34 /OUTPUT 64 "reg_mem4"
    .port_info 35 /OUTPUT 64 "reg_mem5"
    .port_info 36 /OUTPUT 64 "reg_mem6"
    .port_info 37 /OUTPUT 64 "reg_mem7"
    .port_info 38 /OUTPUT 64 "reg_mem8"
    .port_info 39 /OUTPUT 64 "reg_mem9"
    .port_info 40 /OUTPUT 64 "reg_mem10"
    .port_info 41 /OUTPUT 64 "reg_mem11"
    .port_info 42 /OUTPUT 64 "reg_mem12"
    .port_info 43 /OUTPUT 64 "reg_mem13"
    .port_info 44 /OUTPUT 64 "reg_mem14"
o0x7f31ae66d018 .functor BUFZ 4, C4<zzzz>; HiZ drive
v0x56293a4e0140_0 .net "D_icode", 3 0, o0x7f31ae66d018;  0 drivers
o0x7f31ae66d048 .functor BUFZ 4, C4<zzzz>; HiZ drive
v0x56293a559cc0_0 .net "D_ifun", 3 0, o0x7f31ae66d048;  0 drivers
o0x7f31ae66d078 .functor BUFZ 4, C4<zzzz>; HiZ drive
v0x56293a559da0_0 .net "D_rA", 3 0, o0x7f31ae66d078;  0 drivers
o0x7f31ae66d0a8 .functor BUFZ 4, C4<zzzz>; HiZ drive
v0x56293a559e60_0 .net "D_rB", 3 0, o0x7f31ae66d0a8;  0 drivers
o0x7f31ae66d0d8 .functor BUFZ 2, C4<zz>; HiZ drive
v0x56293a559f40_0 .net "D_status", 1 0, o0x7f31ae66d0d8;  0 drivers
o0x7f31ae66d108 .functor BUFZ 64, C4<zzzzzzzzzzzzzzzzzzzzzzzzzzzzzzzzzzzzzzzzzzzzzzzzzzzzzzzzzzzzzzzz>; HiZ drive
v0x56293a55a070_0 .net "D_valC", 63 0, o0x7f31ae66d108;  0 drivers
o0x7f31ae66d138 .functor BUFZ 64, C4<zzzzzzzzzzzzzzzzzzzzzzzzzzzzzzzzzzzzzzzzzzzzzzzzzzzzzzzzzzzzzzzz>; HiZ drive
v0x56293a55a150_0 .net "D_valP", 63 0, o0x7f31ae66d138;  0 drivers
o0x7f31ae66d168 .functor BUFZ 4, C4<zzzz>; HiZ drive
v0x56293a55a230_0 .net "M_destE", 3 0, o0x7f31ae66d168;  0 drivers
o0x7f31ae66d198 .functor BUFZ 4, C4<zzzz>; HiZ drive
v0x56293a55a310_0 .net "M_destM", 3 0, o0x7f31ae66d198;  0 drivers
o0x7f31ae66d1c8 .functor BUFZ 64, C4<zzzzzzzzzzzzzzzzzzzzzzzzzzzzzzzzzzzzzzzzzzzzzzzzzzzzzzzzzzzzzzzz>; HiZ drive
v0x56293a55a3f0_0 .net "M_valE", 63 0, o0x7f31ae66d1c8;  0 drivers
o0x7f31ae66d1f8 .functor BUFZ 4, C4<zzzz>; HiZ drive
v0x56293a55a4d0_0 .net "W_destE", 3 0, o0x7f31ae66d1f8;  0 drivers
o0x7f31ae66d228 .functor BUFZ 4, C4<zzzz>; HiZ drive
v0x56293a55a5b0_0 .net "W_destM", 3 0, o0x7f31ae66d228;  0 drivers
o0x7f31ae66d258 .functor BUFZ 4, C4<zzzz>; HiZ drive
v0x56293a55a690_0 .net "W_icode", 3 0, o0x7f31ae66d258;  0 drivers
o0x7f31ae66d288 .functor BUFZ 64, C4<zzzzzzzzzzzzzzzzzzzzzzzzzzzzzzzzzzzzzzzzzzzzzzzzzzzzzzzzzzzzzzzz>; HiZ drive
v0x56293a55a770_0 .net "W_valE", 63 0, o0x7f31ae66d288;  0 drivers
o0x7f31ae66d2b8 .functor BUFZ 64, C4<zzzzzzzzzzzzzzzzzzzzzzzzzzzzzzzzzzzzzzzzzzzzzzzzzzzzzzzzzzzzzzzz>; HiZ drive
v0x56293a55a850_0 .net "W_valM", 63 0, o0x7f31ae66d2b8;  0 drivers
o0x7f31ae66d2e8 .functor BUFZ 1, C4<z>; HiZ drive
v0x56293a55a930_0 .net "clk", 0 0, o0x7f31ae66d2e8;  0 drivers
v0x56293a55a9f0_0 .var "d_destE", 3 0;
v0x56293a55aad0_0 .var "d_destM", 3 0;
v0x56293a55abb0_0 .var "d_icode", 3 0;
v0x56293a55ac90_0 .var "d_ifun", 3 0;
v0x56293a55ad70_0 .var "d_rvalA", 63 0;
v0x56293a55ae50_0 .var "d_rvalB", 63 0;
v0x56293a55af30_0 .var "d_srcA", 3 0;
v0x56293a55b010_0 .var "d_srcB", 3 0;
v0x56293a55b0f0_0 .var "d_status", 1 0;
v0x56293a55b1d0_0 .var "d_valA", 63 0;
v0x56293a55b2b0_0 .var "d_valB", 63 0;
v0x56293a55b390_0 .var "d_valC", 63 0;
v0x56293a55b470_0 .var "d_valP", 63 0;
o0x7f31ae66d588 .functor BUFZ 4, C4<zzzz>; HiZ drive
v0x56293a55b550_0 .net "e_destE", 3 0, o0x7f31ae66d588;  0 drivers
o0x7f31ae66d5b8 .functor BUFZ 64, C4<zzzzzzzzzzzzzzzzzzzzzzzzzzzzzzzzzzzzzzzzzzzzzzzzzzzzzzzzzzzzzzzz>; HiZ drive
v0x56293a55b630_0 .net "e_valE", 63 0, o0x7f31ae66d5b8;  0 drivers
o0x7f31ae66d5e8 .functor BUFZ 64, C4<zzzzzzzzzzzzzzzzzzzzzzzzzzzzzzzzzzzzzzzzzzzzzzzzzzzzzzzzzzzzzzzz>; HiZ drive
v0x56293a55b710_0 .net "m_valM", 63 0, o0x7f31ae66d5e8;  0 drivers
v0x56293a55b7f0 .array "reg_mem", 14 0, 63 0;
v0x56293a55bb10_0 .var "reg_mem0", 63 0;
v0x56293a55bbf0_0 .var "reg_mem1", 63 0;
v0x56293a55bcd0_0 .var "reg_mem10", 63 0;
v0x56293a55bdb0_0 .var "reg_mem11", 63 0;
v0x56293a55be90_0 .var "reg_mem12", 63 0;
v0x56293a55bf70_0 .var "reg_mem13", 63 0;
v0x56293a55c050_0 .var "reg_mem14", 63 0;
v0x56293a55c130_0 .var "reg_mem2", 63 0;
v0x56293a55c210_0 .var "reg_mem3", 63 0;
v0x56293a55c2f0_0 .var "reg_mem4", 63 0;
v0x56293a55c3d0_0 .var "reg_mem5", 63 0;
v0x56293a55c4b0_0 .var "reg_mem6", 63 0;
v0x56293a55c590_0 .var "reg_mem7", 63 0;
v0x56293a55c670_0 .var "reg_mem8", 63 0;
v0x56293a55c750_0 .var "reg_mem9", 63 0;
E_0x56293a51e230 .event posedge, v0x56293a55a930_0;
v0x56293a55b7f0_0 .array/port v0x56293a55b7f0, 0;
E_0x56293a51e650/0 .event edge, v0x56293a4e0140_0, v0x56293a559da0_0, v0x56293a559e60_0, v0x56293a55b7f0_0;
v0x56293a55b7f0_1 .array/port v0x56293a55b7f0, 1;
v0x56293a55b7f0_2 .array/port v0x56293a55b7f0, 2;
v0x56293a55b7f0_3 .array/port v0x56293a55b7f0, 3;
v0x56293a55b7f0_4 .array/port v0x56293a55b7f0, 4;
E_0x56293a51e650/1 .event edge, v0x56293a55b7f0_1, v0x56293a55b7f0_2, v0x56293a55b7f0_3, v0x56293a55b7f0_4;
v0x56293a55b7f0_5 .array/port v0x56293a55b7f0, 5;
v0x56293a55b7f0_6 .array/port v0x56293a55b7f0, 6;
v0x56293a55b7f0_7 .array/port v0x56293a55b7f0, 7;
v0x56293a55b7f0_8 .array/port v0x56293a55b7f0, 8;
E_0x56293a51e650/2 .event edge, v0x56293a55b7f0_5, v0x56293a55b7f0_6, v0x56293a55b7f0_7, v0x56293a55b7f0_8;
v0x56293a55b7f0_9 .array/port v0x56293a55b7f0, 9;
v0x56293a55b7f0_10 .array/port v0x56293a55b7f0, 10;
v0x56293a55b7f0_11 .array/port v0x56293a55b7f0, 11;
v0x56293a55b7f0_12 .array/port v0x56293a55b7f0, 12;
E_0x56293a51e650/3 .event edge, v0x56293a55b7f0_9, v0x56293a55b7f0_10, v0x56293a55b7f0_11, v0x56293a55b7f0_12;
v0x56293a55b7f0_13 .array/port v0x56293a55b7f0, 13;
v0x56293a55b7f0_14 .array/port v0x56293a55b7f0, 14;
E_0x56293a51e650/4 .event edge, v0x56293a55b7f0_13, v0x56293a55b7f0_14, v0x56293a55a150_0, v0x56293a55af30_0;
E_0x56293a51e650/5 .event edge, v0x56293a55b550_0, v0x56293a55b630_0, v0x56293a55a310_0, v0x56293a55b710_0;
E_0x56293a51e650/6 .event edge, v0x56293a55a5b0_0, v0x56293a55a850_0, v0x56293a55a230_0, v0x56293a55a3f0_0;
E_0x56293a51e650/7 .event edge, v0x56293a55a4d0_0, v0x56293a55a770_0, v0x56293a55ad70_0, v0x56293a55b010_0;
E_0x56293a51e650/8 .event edge, v0x56293a55ae50_0;
E_0x56293a51e650 .event/or E_0x56293a51e650/0, E_0x56293a51e650/1, E_0x56293a51e650/2, E_0x56293a51e650/3, E_0x56293a51e650/4, E_0x56293a51e650/5, E_0x56293a51e650/6, E_0x56293a51e650/7, E_0x56293a51e650/8;
    .scope S_0x56293a511e70;
T_0 ;
    %pushi/vec4 12, 0, 64;
    %ix/load 4, 0, 0;
    %flag_set/imm 4, 0;
    %store/vec4a v0x56293a55b7f0, 4, 0;
    %pushi/vec4 10, 0, 64;
    %ix/load 4, 1, 0;
    %flag_set/imm 4, 0;
    %store/vec4a v0x56293a55b7f0, 4, 0;
    %pushi/vec4 101, 0, 64;
    %ix/load 4, 2, 0;
    %flag_set/imm 4, 0;
    %store/vec4a v0x56293a55b7f0, 4, 0;
    %pushi/vec4 3, 0, 64;
    %ix/load 4, 3, 0;
    %flag_set/imm 4, 0;
    %store/vec4a v0x56293a55b7f0, 4, 0;
    %pushi/vec4 254, 0, 64;
    %ix/load 4, 4, 0;
    %flag_set/imm 4, 0;
    %store/vec4a v0x56293a55b7f0, 4, 0;
    %pushi/vec4 50, 0, 64;
    %ix/load 4, 5, 0;
    %flag_set/imm 4, 0;
    %store/vec4a v0x56293a55b7f0, 4, 0;
    %pushi/vec4 4294967295, 0, 32;
    %concati/vec4 4294967153, 0, 32;
    %ix/load 4, 6, 0;
    %flag_set/imm 4, 0;
    %store/vec4a v0x56293a55b7f0, 4, 0;
    %pushi/vec4 10000, 0, 64;
    %ix/load 4, 7, 0;
    %flag_set/imm 4, 0;
    %store/vec4a v0x56293a55b7f0, 4, 0;
    %pushi/vec4 990000, 0, 64;
    %ix/load 4, 8, 0;
    %flag_set/imm 4, 0;
    %store/vec4a v0x56293a55b7f0, 4, 0;
    %pushi/vec4 4294967295, 0, 32;
    %concati/vec4 4294954951, 0, 32;
    %ix/load 4, 9, 0;
    %flag_set/imm 4, 0;
    %store/vec4a v0x56293a55b7f0, 4, 0;
    %pushi/vec4 12345, 0, 64;
    %ix/load 4, 10, 0;
    %flag_set/imm 4, 0;
    %store/vec4a v0x56293a55b7f0, 4, 0;
    %pushi/vec4 10112, 0, 64;
    %ix/load 4, 11, 0;
    %flag_set/imm 4, 0;
    %store/vec4a v0x56293a55b7f0, 4, 0;
    %pushi/vec4 0, 0, 64;
    %ix/load 4, 12, 0;
    %flag_set/imm 4, 0;
    %store/vec4a v0x56293a55b7f0, 4, 0;
    %pushi/vec4 1567, 0, 64;
    %ix/load 4, 13, 0;
    %flag_set/imm 4, 0;
    %store/vec4a v0x56293a55b7f0, 4, 0;
    %pushi/vec4 8643, 0, 64;
    %ix/load 4, 14, 0;
    %flag_set/imm 4, 0;
    %store/vec4a v0x56293a55b7f0, 4, 0;
    %end;
    .thread T_0;
    .scope S_0x56293a511e70;
T_1 ;
    %wait E_0x56293a51e650;
    %pushi/vec4 15, 0, 4;
    %store/vec4 v0x56293a55af30_0, 0, 4;
    %pushi/vec4 15, 0, 4;
    %store/vec4 v0x56293a55b010_0, 0, 4;
    %pushi/vec4 15, 0, 4;
    %store/vec4 v0x56293a55a9f0_0, 0, 4;
    %pushi/vec4 15, 0, 4;
    %store/vec4 v0x56293a55aad0_0, 0, 4;
    %load/vec4 v0x56293a4e0140_0;
    %dup/vec4;
    %pushi/vec4 2, 0, 4;
    %cmp/u;
    %jmp/1 T_1.0, 6;
    %dup/vec4;
    %pushi/vec4 3, 0, 4;
    %cmp/u;
    %jmp/1 T_1.1, 6;
    %dup/vec4;
    %pushi/vec4 4, 0, 4;
    %cmp/u;
    %jmp/1 T_1.2, 6;
    %dup/vec4;
    %pushi/vec4 5, 0, 4;
    %cmp/u;
    %jmp/1 T_1.3, 6;
    %dup/vec4;
    %pushi/vec4 6, 0, 4;
    %cmp/u;
    %jmp/1 T_1.4, 6;
    %dup/vec4;
    %pushi/vec4 8, 0, 4;
    %cmp/u;
    %jmp/1 T_1.5, 6;
    %dup/vec4;
    %pushi/vec4 9, 0, 4;
    %cmp/u;
    %jmp/1 T_1.6, 6;
    %dup/vec4;
    %pushi/vec4 10, 0, 4;
    %cmp/u;
    %jmp/1 T_1.7, 6;
    %dup/vec4;
    %pushi/vec4 11, 0, 4;
    %cmp/u;
    %jmp/1 T_1.8, 6;
    %pushi/vec4 15, 0, 4;
    %store/vec4 v0x56293a55af30_0, 0, 4;
    %pushi/vec4 15, 0, 4;
    %store/vec4 v0x56293a55b010_0, 0, 4;
    %pushi/vec4 15, 0, 4;
    %store/vec4 v0x56293a55a9f0_0, 0, 4;
    %pushi/vec4 15, 0, 4;
    %store/vec4 v0x56293a55aad0_0, 0, 4;
    %jmp T_1.10;
T_1.0 ;
    %load/vec4 v0x56293a559da0_0;
    %store/vec4 v0x56293a55af30_0, 0, 4;
    %load/vec4 v0x56293a559e60_0;
    %store/vec4 v0x56293a55a9f0_0, 0, 4;
    %jmp T_1.10;
T_1.1 ;
    %load/vec4 v0x56293a559e60_0;
    %store/vec4 v0x56293a55a9f0_0, 0, 4;
    %jmp T_1.10;
T_1.2 ;
    %load/vec4 v0x56293a559da0_0;
    %store/vec4 v0x56293a55af30_0, 0, 4;
    %load/vec4 v0x56293a559e60_0;
    %store/vec4 v0x56293a55b010_0, 0, 4;
    %jmp T_1.10;
T_1.3 ;
    %load/vec4 v0x56293a559e60_0;
    %store/vec4 v0x56293a55b010_0, 0, 4;
    %load/vec4 v0x56293a559da0_0;
    %store/vec4 v0x56293a55aad0_0, 0, 4;
    %jmp T_1.10;
T_1.4 ;
    %load/vec4 v0x56293a559da0_0;
    %store/vec4 v0x56293a55af30_0, 0, 4;
    %load/vec4 v0x56293a559e60_0;
    %store/vec4 v0x56293a55b010_0, 0, 4;
    %load/vec4 v0x56293a559e60_0;
    %store/vec4 v0x56293a55a9f0_0, 0, 4;
    %jmp T_1.10;
T_1.5 ;
    %pushi/vec4 4, 0, 4;
    %store/vec4 v0x56293a55b010_0, 0, 4;
    %pushi/vec4 4, 0, 4;
    %store/vec4 v0x56293a55a9f0_0, 0, 4;
    %jmp T_1.10;
T_1.6 ;
    %pushi/vec4 4, 0, 4;
    %store/vec4 v0x56293a55af30_0, 0, 4;
    %pushi/vec4 4, 0, 4;
    %store/vec4 v0x56293a55b010_0, 0, 4;
    %pushi/vec4 4, 0, 4;
    %store/vec4 v0x56293a55a9f0_0, 0, 4;
    %jmp T_1.10;
T_1.7 ;
    %load/vec4 v0x56293a559da0_0;
    %store/vec4 v0x56293a55af30_0, 0, 4;
    %pushi/vec4 4, 0, 4;
    %store/vec4 v0x56293a55b010_0, 0, 4;
    %pushi/vec4 4, 0, 4;
    %store/vec4 v0x56293a55a9f0_0, 0, 4;
    %jmp T_1.10;
T_1.8 ;
    %pushi/vec4 4, 0, 4;
    %store/vec4 v0x56293a55af30_0, 0, 4;
    %pushi/vec4 4, 0, 4;
    %store/vec4 v0x56293a55b010_0, 0, 4;
    %pushi/vec4 4, 0, 4;
    %store/vec4 v0x56293a55a9f0_0, 0, 4;
    %load/vec4 v0x56293a559da0_0;
    %store/vec4 v0x56293a55aad0_0, 0, 4;
    %jmp T_1.10;
T_1.10 ;
    %pop/vec4 1;
    %load/vec4 v0x56293a4e0140_0;
    %cmpi/e 2, 0, 4;
    %jmp/0xz  T_1.11, 4;
    %load/vec4 v0x56293a559da0_0;
    %pad/u 6;
    %ix/vec4 4;
    %load/vec4a v0x56293a55b7f0, 4;
    %store/vec4 v0x56293a55ad70_0, 0, 64;
    %pushi/vec4 0, 0, 64;
    %store/vec4 v0x56293a55ae50_0, 0, 64;
T_1.11 ;
    %load/vec4 v0x56293a4e0140_0;
    %cmpi/e 3, 0, 4;
    %jmp/0xz  T_1.13, 4;
    %pushi/vec4 0, 0, 64;
    %store/vec4 v0x56293a55ae50_0, 0, 64;
    %jmp T_1.14;
T_1.13 ;
    %load/vec4 v0x56293a4e0140_0;
    %cmpi/e 4, 0, 4;
    %jmp/0xz  T_1.15, 4;
    %load/vec4 v0x56293a559da0_0;
    %pad/u 6;
    %ix/vec4 4;
    %load/vec4a v0x56293a55b7f0, 4;
    %store/vec4 v0x56293a55ad70_0, 0, 64;
    %load/vec4 v0x56293a559e60_0;
    %pad/u 6;
    %ix/vec4 4;
    %load/vec4a v0x56293a55b7f0, 4;
    %store/vec4 v0x56293a55ae50_0, 0, 64;
    %jmp T_1.16;
T_1.15 ;
    %load/vec4 v0x56293a4e0140_0;
    %cmpi/e 5, 0, 4;
    %jmp/0xz  T_1.17, 4;
    %load/vec4 v0x56293a559e60_0;
    %pad/u 6;
    %ix/vec4 4;
    %load/vec4a v0x56293a55b7f0, 4;
    %store/vec4 v0x56293a55ae50_0, 0, 64;
    %jmp T_1.18;
T_1.17 ;
    %load/vec4 v0x56293a4e0140_0;
    %cmpi/e 6, 0, 4;
    %jmp/0xz  T_1.19, 4;
    %load/vec4 v0x56293a559da0_0;
    %pad/u 6;
    %ix/vec4 4;
    %load/vec4a v0x56293a55b7f0, 4;
    %store/vec4 v0x56293a55ad70_0, 0, 64;
    %load/vec4 v0x56293a559e60_0;
    %pad/u 6;
    %ix/vec4 4;
    %load/vec4a v0x56293a55b7f0, 4;
    %store/vec4 v0x56293a55ae50_0, 0, 64;
    %jmp T_1.20;
T_1.19 ;
    %load/vec4 v0x56293a4e0140_0;
    %cmpi/e 8, 0, 4;
    %jmp/0xz  T_1.21, 4;
    %ix/load 4, 4, 0;
    %flag_set/imm 4, 0;
    %load/vec4a v0x56293a55b7f0, 4;
    %store/vec4 v0x56293a55ae50_0, 0, 64;
    %jmp T_1.22;
T_1.21 ;
    %load/vec4 v0x56293a4e0140_0;
    %cmpi/e 9, 0, 4;
    %jmp/0xz  T_1.23, 4;
    %ix/load 4, 4, 0;
    %flag_set/imm 4, 0;
    %load/vec4a v0x56293a55b7f0, 4;
    %store/vec4 v0x56293a55ad70_0, 0, 64;
    %ix/load 4, 4, 0;
    %flag_set/imm 4, 0;
    %load/vec4a v0x56293a55b7f0, 4;
    %store/vec4 v0x56293a55ae50_0, 0, 64;
    %jmp T_1.24;
T_1.23 ;
    %load/vec4 v0x56293a4e0140_0;
    %cmpi/e 10, 0, 4;
    %jmp/0xz  T_1.25, 4;
    %load/vec4 v0x56293a559da0_0;
    %pad/u 6;
    %ix/vec4 4;
    %load/vec4a v0x56293a55b7f0, 4;
    %store/vec4 v0x56293a55ad70_0, 0, 64;
    %ix/load 4, 4, 0;
    %flag_set/imm 4, 0;
    %load/vec4a v0x56293a55b7f0, 4;
    %store/vec4 v0x56293a55ae50_0, 0, 64;
    %jmp T_1.26;
T_1.25 ;
    %load/vec4 v0x56293a4e0140_0;
    %cmpi/e 11, 0, 4;
    %jmp/0xz  T_1.27, 4;
    %ix/load 4, 4, 0;
    %flag_set/imm 4, 0;
    %load/vec4a v0x56293a55b7f0, 4;
    %store/vec4 v0x56293a55ad70_0, 0, 64;
    %ix/load 4, 4, 0;
    %flag_set/imm 4, 0;
    %load/vec4a v0x56293a55b7f0, 4;
    %store/vec4 v0x56293a55ae50_0, 0, 64;
T_1.27 ;
T_1.26 ;
T_1.24 ;
T_1.22 ;
T_1.20 ;
T_1.18 ;
T_1.16 ;
T_1.14 ;
    %load/vec4 v0x56293a4e0140_0;
    %pushi/vec4 7, 0, 4;
    %cmp/e;
    %flag_get/vec4 4;
    %load/vec4 v0x56293a4e0140_0;
    %pushi/vec4 8, 0, 4;
    %cmp/e;
    %flag_get/vec4 4;
    %or;
    %flag_set/vec4 8;
    %jmp/0xz  T_1.29, 8;
    %load/vec4 v0x56293a55a150_0;
    %store/vec4 v0x56293a55b1d0_0, 0, 64;
    %jmp T_1.30;
T_1.29 ;
    %load/vec4 v0x56293a55af30_0;
    %load/vec4 v0x56293a55b550_0;
    %cmp/e;
    %flag_get/vec4 4;
    %load/vec4 v0x56293a55b550_0;
    %pushi/vec4 15, 0, 4;
    %cmp/e;
    %flag_get/vec4 4;
    %inv;
    %and;
    %flag_set/vec4 8;
    %jmp/0xz  T_1.31, 8;
    %load/vec4 v0x56293a55b630_0;
    %store/vec4 v0x56293a55b1d0_0, 0, 64;
    %jmp T_1.32;
T_1.31 ;
    %load/vec4 v0x56293a55af30_0;
    %load/vec4 v0x56293a55a310_0;
    %cmp/e;
    %flag_get/vec4 4;
    %load/vec4 v0x56293a55a310_0;
    %pushi/vec4 15, 0, 4;
    %cmp/e;
    %flag_get/vec4 4;
    %inv;
    %and;
    %flag_set/vec4 8;
    %jmp/0xz  T_1.33, 8;
    %load/vec4 v0x56293a55b710_0;
    %store/vec4 v0x56293a55b1d0_0, 0, 64;
    %jmp T_1.34;
T_1.33 ;
    %load/vec4 v0x56293a55af30_0;
    %load/vec4 v0x56293a55a5b0_0;
    %cmp/e;
    %flag_get/vec4 4;
    %load/vec4 v0x56293a55a5b0_0;
    %pushi/vec4 15, 0, 4;
    %cmp/e;
    %flag_get/vec4 4;
    %inv;
    %and;
    %flag_set/vec4 8;
    %jmp/0xz  T_1.35, 8;
    %load/vec4 v0x56293a55a850_0;
    %store/vec4 v0x56293a55b1d0_0, 0, 64;
    %jmp T_1.36;
T_1.35 ;
    %load/vec4 v0x56293a55af30_0;
    %load/vec4 v0x56293a55a230_0;
    %cmp/e;
    %flag_get/vec4 4;
    %load/vec4 v0x56293a55a230_0;
    %pushi/vec4 15, 0, 4;
    %cmp/e;
    %flag_get/vec4 4;
    %inv;
    %and;
    %flag_set/vec4 8;
    %jmp/0xz  T_1.37, 8;
    %load/vec4 v0x56293a55a3f0_0;
    %store/vec4 v0x56293a55b1d0_0, 0, 64;
    %jmp T_1.38;
T_1.37 ;
    %load/vec4 v0x56293a55af30_0;
    %load/vec4 v0x56293a55a4d0_0;
    %cmp/e;
    %flag_get/vec4 4;
    %load/vec4 v0x56293a55a4d0_0;
    %pushi/vec4 15, 0, 4;
    %cmp/e;
    %flag_get/vec4 4;
    %inv;
    %and;
    %flag_set/vec4 8;
    %jmp/0xz  T_1.39, 8;
    %load/vec4 v0x56293a55a770_0;
    %store/vec4 v0x56293a55b1d0_0, 0, 64;
    %jmp T_1.40;
T_1.39 ;
    %load/vec4 v0x56293a55ad70_0;
    %store/vec4 v0x56293a55b1d0_0, 0, 64;
T_1.40 ;
T_1.38 ;
T_1.36 ;
T_1.34 ;
T_1.32 ;
T_1.30 ;
    %load/vec4 v0x56293a55b010_0;
    %load/vec4 v0x56293a55b550_0;
    %cmp/e;
    %flag_get/vec4 4;
    %load/vec4 v0x56293a55b550_0;
    %pushi/vec4 15, 0, 4;
    %cmp/e;
    %flag_get/vec4 4;
    %inv;
    %and;
    %flag_set/vec4 8;
    %jmp/0xz  T_1.41, 8;
    %load/vec4 v0x56293a55b630_0;
    %store/vec4 v0x56293a55b2b0_0, 0, 64;
    %jmp T_1.42;
T_1.41 ;
    %load/vec4 v0x56293a55b010_0;
    %load/vec4 v0x56293a55a310_0;
    %cmp/e;
    %flag_get/vec4 4;
    %load/vec4 v0x56293a55a310_0;
    %pushi/vec4 15, 0, 4;
    %cmp/e;
    %flag_get/vec4 4;
    %inv;
    %and;
    %flag_set/vec4 8;
    %jmp/0xz  T_1.43, 8;
    %load/vec4 v0x56293a55b710_0;
    %store/vec4 v0x56293a55b2b0_0, 0, 64;
    %jmp T_1.44;
T_1.43 ;
    %load/vec4 v0x56293a55b010_0;
    %load/vec4 v0x56293a55a5b0_0;
    %cmp/e;
    %flag_get/vec4 4;
    %load/vec4 v0x56293a55a5b0_0;
    %pushi/vec4 15, 0, 4;
    %cmp/e;
    %flag_get/vec4 4;
    %inv;
    %and;
    %flag_set/vec4 8;
    %jmp/0xz  T_1.45, 8;
    %load/vec4 v0x56293a55a850_0;
    %store/vec4 v0x56293a55b2b0_0, 0, 64;
    %jmp T_1.46;
T_1.45 ;
    %load/vec4 v0x56293a55b010_0;
    %load/vec4 v0x56293a55a230_0;
    %cmp/e;
    %flag_get/vec4 4;
    %load/vec4 v0x56293a55a230_0;
    %pushi/vec4 15, 0, 4;
    %cmp/e;
    %flag_get/vec4 4;
    %inv;
    %and;
    %flag_set/vec4 8;
    %jmp/0xz  T_1.47, 8;
    %load/vec4 v0x56293a55a3f0_0;
    %store/vec4 v0x56293a55b2b0_0, 0, 64;
    %jmp T_1.48;
T_1.47 ;
    %load/vec4 v0x56293a55b010_0;
    %load/vec4 v0x56293a55a4d0_0;
    %cmp/e;
    %flag_get/vec4 4;
    %load/vec4 v0x56293a55a4d0_0;
    %pushi/vec4 15, 0, 4;
    %cmp/e;
    %flag_get/vec4 4;
    %inv;
    %and;
    %flag_set/vec4 8;
    %jmp/0xz  T_1.49, 8;
    %load/vec4 v0x56293a55a770_0;
    %store/vec4 v0x56293a55b2b0_0, 0, 64;
    %jmp T_1.50;
T_1.49 ;
    %load/vec4 v0x56293a55ae50_0;
    %store/vec4 v0x56293a55b2b0_0, 0, 64;
T_1.50 ;
T_1.48 ;
T_1.46 ;
T_1.44 ;
T_1.42 ;
    %jmp T_1;
    .thread T_1, $push;
    .scope S_0x56293a511e70;
T_2 ;
    %wait E_0x56293a51e230;
    %load/vec4 v0x56293a55a690_0;
    %cmpi/e 2, 0, 4;
    %jmp/0xz  T_2.0, 4;
    %load/vec4 v0x56293a55a770_0;
    %load/vec4 v0x56293a55a4d0_0;
    %pad/u 6;
    %ix/vec4 4;
    %store/vec4a v0x56293a55b7f0, 4, 0;
    %jmp T_2.1;
T_2.0 ;
    %load/vec4 v0x56293a55a690_0;
    %cmpi/e 3, 0, 4;
    %jmp/0xz  T_2.2, 4;
    %load/vec4 v0x56293a55a770_0;
    %load/vec4 v0x56293a55a4d0_0;
    %pad/u 6;
    %ix/vec4 4;
    %store/vec4a v0x56293a55b7f0, 4, 0;
    %jmp T_2.3;
T_2.2 ;
    %load/vec4 v0x56293a55a690_0;
    %cmpi/e 5, 0, 4;
    %jmp/0xz  T_2.4, 4;
    %load/vec4 v0x56293a55a850_0;
    %load/vec4 v0x56293a55a5b0_0;
    %pad/u 6;
    %ix/vec4 4;
    %store/vec4a v0x56293a55b7f0, 4, 0;
    %jmp T_2.5;
T_2.4 ;
    %load/vec4 v0x56293a55a690_0;
    %cmpi/e 6, 0, 4;
    %jmp/0xz  T_2.6, 4;
    %load/vec4 v0x56293a55a770_0;
    %load/vec4 v0x56293a55a4d0_0;
    %pad/u 6;
    %ix/vec4 4;
    %store/vec4a v0x56293a55b7f0, 4, 0;
    %jmp T_2.7;
T_2.6 ;
    %load/vec4 v0x56293a55a690_0;
    %cmpi/e 8, 0, 4;
    %jmp/0xz  T_2.8, 4;
    %load/vec4 v0x56293a55a770_0;
    %load/vec4 v0x56293a55a4d0_0;
    %pad/u 6;
    %ix/vec4 4;
    %store/vec4a v0x56293a55b7f0, 4, 0;
    %jmp T_2.9;
T_2.8 ;
    %load/vec4 v0x56293a55a690_0;
    %cmpi/e 9, 0, 4;
    %jmp/0xz  T_2.10, 4;
    %load/vec4 v0x56293a55a770_0;
    %load/vec4 v0x56293a55a4d0_0;
    %pad/u 6;
    %ix/vec4 4;
    %store/vec4a v0x56293a55b7f0, 4, 0;
    %jmp T_2.11;
T_2.10 ;
    %load/vec4 v0x56293a55a690_0;
    %cmpi/e 10, 0, 4;
    %jmp/0xz  T_2.12, 4;
    %load/vec4 v0x56293a55a770_0;
    %load/vec4 v0x56293a55a4d0_0;
    %pad/u 6;
    %ix/vec4 4;
    %store/vec4a v0x56293a55b7f0, 4, 0;
    %jmp T_2.13;
T_2.12 ;
    %load/vec4 v0x56293a55a690_0;
    %cmpi/e 11, 0, 4;
    %jmp/0xz  T_2.14, 4;
    %load/vec4 v0x56293a55a770_0;
    %load/vec4 v0x56293a55a4d0_0;
    %pad/u 6;
    %ix/vec4 4;
    %store/vec4a v0x56293a55b7f0, 4, 0;
    %load/vec4 v0x56293a55a850_0;
    %load/vec4 v0x56293a55a5b0_0;
    %pad/u 6;
    %ix/vec4 4;
    %store/vec4a v0x56293a55b7f0, 4, 0;
T_2.14 ;
T_2.13 ;
T_2.11 ;
T_2.9 ;
T_2.7 ;
T_2.5 ;
T_2.3 ;
T_2.1 ;
    %ix/load 4, 0, 0;
    %flag_set/imm 4, 0;
    %load/vec4a v0x56293a55b7f0, 4;
    %assign/vec4 v0x56293a55bb10_0, 0;
    %ix/load 4, 1, 0;
    %flag_set/imm 4, 0;
    %load/vec4a v0x56293a55b7f0, 4;
    %assign/vec4 v0x56293a55bbf0_0, 0;
    %ix/load 4, 2, 0;
    %flag_set/imm 4, 0;
    %load/vec4a v0x56293a55b7f0, 4;
    %assign/vec4 v0x56293a55c130_0, 0;
    %ix/load 4, 3, 0;
    %flag_set/imm 4, 0;
    %load/vec4a v0x56293a55b7f0, 4;
    %assign/vec4 v0x56293a55c210_0, 0;
    %ix/load 4, 4, 0;
    %flag_set/imm 4, 0;
    %load/vec4a v0x56293a55b7f0, 4;
    %assign/vec4 v0x56293a55c2f0_0, 0;
    %ix/load 4, 5, 0;
    %flag_set/imm 4, 0;
    %load/vec4a v0x56293a55b7f0, 4;
    %assign/vec4 v0x56293a55c3d0_0, 0;
    %ix/load 4, 6, 0;
    %flag_set/imm 4, 0;
    %load/vec4a v0x56293a55b7f0, 4;
    %assign/vec4 v0x56293a55c4b0_0, 0;
    %ix/load 4, 7, 0;
    %flag_set/imm 4, 0;
    %load/vec4a v0x56293a55b7f0, 4;
    %assign/vec4 v0x56293a55c590_0, 0;
    %ix/load 4, 8, 0;
    %flag_set/imm 4, 0;
    %load/vec4a v0x56293a55b7f0, 4;
    %assign/vec4 v0x56293a55c670_0, 0;
    %ix/load 4, 9, 0;
    %flag_set/imm 4, 0;
    %load/vec4a v0x56293a55b7f0, 4;
    %assign/vec4 v0x56293a55c750_0, 0;
    %ix/load 4, 10, 0;
    %flag_set/imm 4, 0;
    %load/vec4a v0x56293a55b7f0, 4;
    %assign/vec4 v0x56293a55bcd0_0, 0;
    %ix/load 4, 11, 0;
    %flag_set/imm 4, 0;
    %load/vec4a v0x56293a55b7f0, 4;
    %assign/vec4 v0x56293a55bdb0_0, 0;
    %ix/load 4, 12, 0;
    %flag_set/imm 4, 0;
    %load/vec4a v0x56293a55b7f0, 4;
    %assign/vec4 v0x56293a55be90_0, 0;
    %ix/load 4, 13, 0;
    %flag_set/imm 4, 0;
    %load/vec4a v0x56293a55b7f0, 4;
    %assign/vec4 v0x56293a55bf70_0, 0;
    %ix/load 4, 14, 0;
    %flag_set/imm 4, 0;
    %load/vec4a v0x56293a55b7f0, 4;
    %assign/vec4 v0x56293a55c050_0, 0;
    %jmp T_2;
    .thread T_2;
# The file index is used to find the file name in the following table.
:file_names 3;
    "N/A";
    "<interactive>";
    "decode2.v";
