#! /usr/bin/vvp
:ivl_version "10.3 (stable)";
:ivl_delay_selection "TYPICAL";
:vpi_time_precision + 0;
:vpi_module "system";
:vpi_module "vhdl_sys";
:vpi_module "v2005_math";
:vpi_module "va_math";
S_0x55bcc13090d0 .scope module, "memory_reg" "memory_reg" 2 1;
 .timescale 0 0;
    .port_info 0 /INPUT 1 "clk"
    .port_info 1 /INPUT 2 "e_status"
    .port_info 2 /INPUT 4 "e_icode"
    .port_info 3 /INPUT 1 "e_cond"
    .port_info 4 /INPUT 64 "e_valE"
    .port_info 5 /INPUT 64 "e_valA"
    .port_info 6 /INPUT 64 "e_valB"
    .port_info 7 /INPUT 4 "e_destE"
    .port_info 8 /INPUT 4 "e_destM"
    .port_info 9 /INPUT 1 "M_bubble"
    .port_info 10 /OUTPUT 2 "M_status"
    .port_info 11 /OUTPUT 4 "M_icode"
    .port_info 12 /OUTPUT 1 "M_cond"
    .port_info 13 /OUTPUT 64 "M_valE"
    .port_info 14 /OUTPUT 64 "M_valA"
    .port_info 15 /OUTPUT 64 "M_valB"
    .port_info 16 /OUTPUT 4 "M_destE"
    .port_info 17 /OUTPUT 4 "M_destM"
o0x7fed91253018 .functor BUFZ 1, C4<z>; HiZ drive
v0x55bcc131dd00_0 .net "M_bubble", 0 0, o0x7fed91253018;  0 drivers
v0x55bcc1353ae0_0 .var "M_cond", 0 0;
v0x55bcc1353ba0_0 .var "M_destE", 3 0;
v0x55bcc1353c60_0 .var "M_destM", 3 0;
v0x55bcc1353d40_0 .var "M_icode", 3 0;
v0x55bcc1353e70_0 .var "M_status", 1 0;
v0x55bcc1353f50_0 .var "M_valA", 63 0;
v0x55bcc1354030_0 .var "M_valB", 63 0;
v0x55bcc1354110_0 .var "M_valE", 63 0;
o0x7fed912531c8 .functor BUFZ 1, C4<z>; HiZ drive
v0x55bcc13541f0_0 .net "clk", 0 0, o0x7fed912531c8;  0 drivers
o0x7fed912531f8 .functor BUFZ 1, C4<z>; HiZ drive
v0x55bcc13542b0_0 .net "e_cond", 0 0, o0x7fed912531f8;  0 drivers
o0x7fed91253228 .functor BUFZ 4, C4<zzzz>; HiZ drive
v0x55bcc1354370_0 .net "e_destE", 3 0, o0x7fed91253228;  0 drivers
o0x7fed91253258 .functor BUFZ 4, C4<zzzz>; HiZ drive
v0x55bcc1354450_0 .net "e_destM", 3 0, o0x7fed91253258;  0 drivers
o0x7fed91253288 .functor BUFZ 4, C4<zzzz>; HiZ drive
v0x55bcc1354530_0 .net "e_icode", 3 0, o0x7fed91253288;  0 drivers
o0x7fed912532b8 .functor BUFZ 2, C4<zz>; HiZ drive
v0x55bcc1354610_0 .net "e_status", 1 0, o0x7fed912532b8;  0 drivers
o0x7fed912532e8 .functor BUFZ 64, C4<zzzzzzzzzzzzzzzzzzzzzzzzzzzzzzzzzzzzzzzzzzzzzzzzzzzzzzzzzzzzzzzz>; HiZ drive
v0x55bcc13546f0_0 .net "e_valA", 63 0, o0x7fed912532e8;  0 drivers
o0x7fed91253318 .functor BUFZ 64, C4<zzzzzzzzzzzzzzzzzzzzzzzzzzzzzzzzzzzzzzzzzzzzzzzzzzzzzzzzzzzzzzzz>; HiZ drive
v0x55bcc13547d0_0 .net "e_valB", 63 0, o0x7fed91253318;  0 drivers
o0x7fed91253348 .functor BUFZ 64, C4<zzzzzzzzzzzzzzzzzzzzzzzzzzzzzzzzzzzzzzzzzzzzzzzzzzzzzzzzzzzzzzzz>; HiZ drive
v0x55bcc13548b0_0 .net "e_valE", 63 0, o0x7fed91253348;  0 drivers
E_0x55bcc1309a70 .event posedge, v0x55bcc13541f0_0;
    .scope S_0x55bcc13090d0;
T_0 ;
    %wait E_0x55bcc1309a70;
    %load/vec4 v0x55bcc131dd00_0;
    %flag_set/vec4 8;
    %jmp/0xz  T_0.0, 8;
    %pushi/vec4 0, 0, 2;
    %assign/vec4 v0x55bcc1353e70_0, 0;
    %pushi/vec4 1, 0, 4;
    %assign/vec4 v0x55bcc1353d40_0, 0;
    %pushi/vec4 1, 0, 1;
    %assign/vec4 v0x55bcc1353ae0_0, 0;
    %pushi/vec4 0, 0, 64;
    %assign/vec4 v0x55bcc1354110_0, 0;
    %pushi/vec4 0, 0, 64;
    %assign/vec4 v0x55bcc1353f50_0, 0;
    %pushi/vec4 15, 0, 4;
    %assign/vec4 v0x55bcc1353ba0_0, 0;
    %pushi/vec4 15, 0, 4;
    %assign/vec4 v0x55bcc1353c60_0, 0;
    %jmp T_0.1;
T_0.0 ;
    %load/vec4 v0x55bcc1354610_0;
    %assign/vec4 v0x55bcc1353e70_0, 0;
    %load/vec4 v0x55bcc1354530_0;
    %assign/vec4 v0x55bcc1353d40_0, 0;
    %load/vec4 v0x55bcc13542b0_0;
    %assign/vec4 v0x55bcc1353ae0_0, 0;
    %load/vec4 v0x55bcc13548b0_0;
    %assign/vec4 v0x55bcc1354110_0, 0;
    %load/vec4 v0x55bcc13546f0_0;
    %assign/vec4 v0x55bcc1353f50_0, 0;
    %load/vec4 v0x55bcc13547d0_0;
    %assign/vec4 v0x55bcc1354030_0, 0;
    %load/vec4 v0x55bcc1354370_0;
    %assign/vec4 v0x55bcc1353ba0_0, 0;
    %load/vec4 v0x55bcc1354450_0;
    %assign/vec4 v0x55bcc1353c60_0, 0;
T_0.1 ;
    %jmp T_0;
    .thread T_0;
# The file index is used to find the file name in the following table.
:file_names 3;
    "N/A";
    "<interactive>";
    "memory_reg.v";
