#! /usr/bin/vvp
:ivl_version "10.3 (stable)";
:ivl_delay_selection "TYPICAL";
:vpi_time_precision + 0;
:vpi_module "system";
:vpi_module "vhdl_sys";
:vpi_module "v2005_math";
:vpi_module "va_math";
S_0x55bf0a2d60d0 .scope module, "wb_register" "wb_register" 2 1;
 .timescale 0 0;
    .port_info 0 /INPUT 1 "clk"
    .port_info 1 /INPUT 2 "m_status"
    .port_info 2 /INPUT 4 "m_icode"
    .port_info 3 /INPUT 64 "m_valE"
    .port_info 4 /INPUT 64 "m_valM"
    .port_info 5 /INPUT 4 "m_destE"
    .port_info 6 /INPUT 4 "m_destM"
    .port_info 7 /INPUT 1 "W_stall"
    .port_info 8 /OUTPUT 4 "W_icode"
    .port_info 9 /OUTPUT 64 "W_valE"
    .port_info 10 /OUTPUT 64 "W_valM"
    .port_info 11 /OUTPUT 4 "W_destE"
    .port_info 12 /OUTPUT 4 "W_destM"
    .port_info 13 /OUTPUT 2 "W_status"
v0x55bf0a2e9870_0 .var "W_destE", 3 0;
v0x55bf0a31da10_0 .var "W_destM", 3 0;
v0x55bf0a31daf0_0 .var "W_icode", 3 0;
o0x7fcddd0a00a8 .functor BUFZ 1, C4<z>; HiZ drive
v0x55bf0a31dbb0_0 .net "W_stall", 0 0, o0x7fcddd0a00a8;  0 drivers
v0x55bf0a31dc70_0 .var "W_status", 1 0;
v0x55bf0a31dda0_0 .var "W_valE", 63 0;
v0x55bf0a31de80_0 .var "W_valM", 63 0;
o0x7fcddd0a0168 .functor BUFZ 1, C4<z>; HiZ drive
v0x55bf0a31df60_0 .net "clk", 0 0, o0x7fcddd0a0168;  0 drivers
o0x7fcddd0a0198 .functor BUFZ 4, C4<zzzz>; HiZ drive
v0x55bf0a31e020_0 .net "m_destE", 3 0, o0x7fcddd0a0198;  0 drivers
o0x7fcddd0a01c8 .functor BUFZ 4, C4<zzzz>; HiZ drive
v0x55bf0a31e100_0 .net "m_destM", 3 0, o0x7fcddd0a01c8;  0 drivers
o0x7fcddd0a01f8 .functor BUFZ 4, C4<zzzz>; HiZ drive
v0x55bf0a31e1e0_0 .net "m_icode", 3 0, o0x7fcddd0a01f8;  0 drivers
o0x7fcddd0a0228 .functor BUFZ 2, C4<zz>; HiZ drive
v0x55bf0a31e2c0_0 .net "m_status", 1 0, o0x7fcddd0a0228;  0 drivers
o0x7fcddd0a0258 .functor BUFZ 64, C4<zzzzzzzzzzzzzzzzzzzzzzzzzzzzzzzzzzzzzzzzzzzzzzzzzzzzzzzzzzzzzzzz>; HiZ drive
v0x55bf0a31e3a0_0 .net "m_valE", 63 0, o0x7fcddd0a0258;  0 drivers
o0x7fcddd0a0288 .functor BUFZ 64, C4<zzzzzzzzzzzzzzzzzzzzzzzzzzzzzzzzzzzzzzzzzzzzzzzzzzzzzzzzzzzzzzzz>; HiZ drive
v0x55bf0a31e480_0 .net "m_valM", 63 0, o0x7fcddd0a0288;  0 drivers
E_0x55bf0a30b6a0 .event posedge, v0x55bf0a31df60_0;
    .scope S_0x55bf0a2d60d0;
T_0 ;
    %wait E_0x55bf0a30b6a0;
    %load/vec4 v0x55bf0a31dbb0_0;
    %flag_set/vec4 8;
    %jmp/0xz  T_0.0, 8;
    %jmp T_0.1;
T_0.0 ;
    %load/vec4 v0x55bf0a31e2c0_0;
    %assign/vec4 v0x55bf0a31dc70_0, 0;
    %load/vec4 v0x55bf0a31e1e0_0;
    %assign/vec4 v0x55bf0a31daf0_0, 0;
    %load/vec4 v0x55bf0a31e3a0_0;
    %assign/vec4 v0x55bf0a31dda0_0, 0;
    %load/vec4 v0x55bf0a31e480_0;
    %assign/vec4 v0x55bf0a31de80_0, 0;
    %load/vec4 v0x55bf0a31e020_0;
    %assign/vec4 v0x55bf0a2e9870_0, 0;
    %load/vec4 v0x55bf0a31e100_0;
    %assign/vec4 v0x55bf0a31da10_0, 0;
T_0.1 ;
    %jmp T_0;
    .thread T_0;
# The file index is used to find the file name in the following table.
:file_names 3;
    "N/A";
    "<interactive>";
    "wb_register.v";
